#
# There is insufficient memory for the Java Runtime Environment to continue.
# Native memory allocation (mmap) failed to map 536870912 bytes for committing reserved memory.
# Possible reasons:
#   The system is out of physical RAM or swap space
#   The process is running with CompressedOops enabled, and the Java Heap may be blocking the growth of the native heap
# Possible solutions:
#   Reduce memory load on the system
#   Increase physical memory or swap space
#   Check if swap backing store is full
#   Decrease Java heap size (-Xmx/-Xms)
#   Decrease number of Java threads
#   Decrease Java thread stack sizes (-Xss)
#   Set larger code cache with -XX:ReservedCodeCacheSize=
# This output file may be truncated or incomplete.
#
#  Out of Memory Error (os_linux.cpp:2647), pid=20452, tid=20453
#
# JRE version:  (9.0+11) (build )
# Java VM: Java HotSpot(TM) 64-Bit Server VM (9.0.4+11, mixed mode, aot, tiered, compressed oops, g1 gc, linux-amd64)
# No core dump will be written. Core dumps have been disabled. To enable core dumping, try "ulimit -c unlimited" before starting Java again
#

---------------  S U M M A R Y ------------

Command Line: -Xms512M -Xmx1024M -Xss1M -XX:+CMSClassUnloadingEnabled -javaagent:/opt/idea-IC-173.4548.28/lib/idea_rt.jar=37343:/opt/idea-IC-173.4548.28/bin -Dfile.encoding=UTF-8 xsbt.boot.Boot

Host: Intel(R) Core(TM) i5-7200U CPU @ 2.50GHz, 4 cores, 7G, Linux Mint 18.2 Sonya
Time: Sun Apr  1 13:21:03 2018 MSK elapsed time: 0 seconds (0d 0h 0m 0s)

---------------  T H R E A D  ---------------

Current thread (0x00007f3ea8013000):  JavaThread "Unknown thread" [_thread_in_vm, id=20453, stack(0x00007f3eb1a78000,0x00007f3eb1b78000)]

Stack: [0x00007f3eb1a78000,0x00007f3eb1b78000],  sp=0x00007f3eb1b762c0,  free space=1016k
Native frames: (J=compiled Java code, A=aot compiled Java code, j=interpreted, Vv=VM code, C=native code)
V  [libjvm.so+0xd4c6c2]  VMError::report_and_die(int, char const*, char const*, __va_list_tag*, Thread*, unsigned char*, void*, void*, char const*, int, unsigned long)+0x162
V  [libjvm.so+0xd4d32b]  VMError::report_and_die(Thread*, char const*, int, unsigned long, VMErrorType, char const*, __va_list_tag*)+0x2b
V  [libjvm.so+0x654ac8]  report_vm_out_of_memory(char const*, int, unsigned long, VMErrorType, char const*, ...)+0xd8
V  [libjvm.so+0xb68241]  os::pd_commit_memory_or_exit(char*, unsigned long, unsigned long, bool, char const*)+0x101
V  [libjvm.so+0xb628cd]  os::commit_memory_or_exit(char*, unsigned long, unsigned long, bool, char const*)+0x1d
V  [libjvm.so+0x763492]  G1PageBasedVirtualSpace::commit_preferred_pages(unsigned long, unsigned long)+0x62
V  [libjvm.so+0x7637ae]  G1PageBasedVirtualSpace::commit(unsigned long, unsigned long)+0x11e
V  [libjvm.so+0x766713]  G1RegionsLargerThanCommitSizeMapper::commit_regions(unsigned int, unsigned long, WorkGang*)+0x43
V  [libjvm.so+0x7f760c]  HeapRegionManager::commit_regions(unsigned int, unsigned long, WorkGang*)+0x7c
V  [libjvm.so+0x7f81d4]  HeapRegionManager::make_regions_available(unsigned int, unsigned int, WorkGang*)+0x34
V  [libjvm.so+0x7f86f1]  HeapRegionManager::expand_by(unsigned int, WorkGang*)+0x71
V  [libjvm.so+0x729a87]  G1CollectedHeap::expand(unsigned long, WorkGang*, double*)+0xd7
V  [libjvm.so+0x72c93a]  G1CollectedHeap::initialize()+0x6da
V  [libjvm.so+0xd0beff]  Universe::initialize_heap()+0x2f
V  [libjvm.so+0xd0c476]  universe_init()+0x46
V  [libjvm.so+0x80f267]  init_globals()+0x57
V  [libjvm.so+0xcede6e]  Threads::create_vm(JavaVMInitArgs*, bool*)+0x2ae
V  [libjvm.so+0x8adc4c]  JNI_CreateJavaVM+0x5c
C  [libjli.so+0x3a01]  JavaMain+0x81
C  [libpthread.so.0+0x76ba]  start_thread+0xca


---------------  P R O C E S S  ---------------

Java Threads: ( => current thread )

Other Threads:
  0x00007f3ea802a800 GCTaskThread "GC Thread#0" [stack: 0x00007f3eadf3e000,0x00007f3eae03e000] [id=20454]
  0x00007f3ea802c000 GCTaskThread "GC Thread#1" [stack: 0x00007f3eade3d000,0x00007f3eadf3d000] [id=20455]
  0x00007f3ea802d800 GCTaskThread "GC Thread#2" [stack: 0x00007f3eadd3c000,0x00007f3eade3c000] [id=20456]
  0x00007f3ea802f800 GCTaskThread "GC Thread#3" [stack: 0x00007f3eadc3b000,0x00007f3eadd3b000] [id=20457]
  0x00007f3ea8070800 ConcurrentGCThread "G1 Main Marker" [stack: 0x00007f3eaca31000,0x00007f3eacb31000] [id=20463]
  0x00007f3ea8072000 ConcurrentGCThread "G1 Marker#0" [stack: 0x00007f3eac930000,0x00007f3eaca30000] [id=20464]
  0x00007f3ea8037000 ConcurrentGCThread "G1 Refine#0" [stack: 0x00007f3ead433000,0x00007f3ead533000] [id=20461]
  0x00007f3ea8035000 ConcurrentGCThread "G1 Refine#1" [stack: 0x00007f3ead534000,0x00007f3ead634000] [id=20460]
  0x00007f3ea8033000 ConcurrentGCThread "G1 Refine#2" [stack: 0x00007f3ead635000,0x00007f3ead735000] [id=20459]
  0x00007f3ea8031800 ConcurrentGCThread "G1 Refine#3" [stack: 0x00007f3ead736000,0x00007f3ead836000] [id=20458]
  0x00007f3ea8038800 ConcurrentGCThread "G1 Young RemSet Sampling" [stack: 0x00007f3ead332000,0x00007f3ead432000] [id=20462]

=>0x00007f3ea8013000 (exited) JavaThread "Unknown thread" [_thread_in_vm, id=20453, stack(0x00007f3eb1a78000,0x00007f3eb1b78000)]

Threads with active compile tasks:

VM state:not at safepoint (not fully initialized)

VM Mutex/Monitor currently owned by a thread:  ([mutex/lock_event])
[0x00007f3ea800fc80] Heap_lock - owner thread: 0x00007f3ea8013000

Heap address: 0x00000000c0000000, size: 1024 MB, Compressed Oops mode: Non-zero based: 0x00000000c0000000
Narrow klass base: 0x0000000000000000, Narrow klass shift: 0

GC Heap History (0 events):
No events

Deoptimization events (0 events):
No events

Classes redefined (0 events):
No events

Internal exceptions (0 events):
No events

Events (0 events):
No events


Dynamic libraries:
00400000-00401000 r-xp 00000000 08:06 936351                             /usr/lib/jvm/java-9-oracle/bin/java
00600000-00601000 rw-p 00000000 08:06 936351                             /usr/lib/jvm/java-9-oracle/bin/java
01c6a000-01c8b000 rw-p 00000000 00:00 0                                  [heap]
e0000000-100000000 ---p 00000000 00:00 0 
7f3e58000000-7f3e58021000 rw-p 00000000 00:00 0 
7f3e58021000-7f3e5c000000 ---p 00000000 00:00 0 
7f3e60000000-7f3e60021000 rw-p 00000000 00:00 0 
7f3e60021000-7f3e64000000 ---p 00000000 00:00 0 
7f3e65000000-7f3e67000000 rwxp 00000000 00:00 0 
7f3e67000000-7f3e68000000 ---p 00000000 00:00 0 
7f3e68000000-7f3e68021000 rw-p 00000000 00:00 0 
7f3e68021000-7f3e6c000000 ---p 00000000 00:00 0 
7f3e6c000000-7f3e6c021000 rw-p 00000000 00:00 0 
7f3e6c021000-7f3e70000000 ---p 00000000 00:00 0 
7f3e70000000-7f3e70021000 rw-p 00000000 00:00 0 
7f3e70021000-7f3e74000000 ---p 00000000 00:00 0 
7f3e74000000-7f3e74021000 rw-p 00000000 00:00 0 
7f3e74021000-7f3e78000000 ---p 00000000 00:00 0 
7f3e78000000-7f3e78021000 rw-p 00000000 00:00 0 
7f3e78021000-7f3e7c000000 ---p 00000000 00:00 0 
7f3e7c000000-7f3e7c021000 rw-p 00000000 00:00 0 
7f3e7c021000-7f3e80000000 ---p 00000000 00:00 0 
7f3e80000000-7f3e80021000 rw-p 00000000 00:00 0 
7f3e80021000-7f3e84000000 ---p 00000000 00:00 0 
7f3e84000000-7f3e84021000 rw-p 00000000 00:00 0 
7f3e84021000-7f3e88000000 ---p 00000000 00:00 0 
7f3e88000000-7f3e88021000 rw-p 00000000 00:00 0 
7f3e88021000-7f3e8c000000 ---p 00000000 00:00 0 
7f3e8cb43000-7f3e8db43000 ---p 00000000 00:00 0 
7f3e8db43000-7f3e8ddb3000 rwxp 00000000 00:00 0 
7f3e8ddb3000-7f3e8e0d3000 ---p 00000000 00:00 0 
7f3e8e0d3000-7f3e8e343000 rwxp 00000000 00:00 0 
7f3e8e343000-7f3e9560b000 ---p 00000000 00:00 0 
7f3e9560b000-7f3e9587b000 rwxp 00000000 00:00 0 
7f3e9587b000-7f3e9cb43000 ---p 00000000 00:00 0 
7f3e9cb43000-7f3ea8000000 r--s 00000000 08:06 936530                     /usr/lib/jvm/java-9-oracle/lib/modules
7f3ea8000000-7f3ea808c000 rw-p 00000000 00:00 0 
7f3ea808c000-7f3eac000000 ---p 00000000 00:00 0 
7f3eac1fd000-7f3eac92f000 rw-p 00000000 00:00 0 
7f3eac92f000-7f3eac930000 ---p 00000000 00:00 0 
7f3eac930000-7f3eaca30000 rw-p 00000000 00:00 0 
7f3eaca30000-7f3eaca31000 ---p 00000000 00:00 0 
7f3eaca31000-7f3eacb31000 rw-p 00000000 00:00 0 
7f3eacb31000-7f3ead331000 ---p 00000000 00:00 0 
7f3ead331000-7f3ead332000 ---p 00000000 00:00 0 
7f3ead332000-7f3ead432000 rw-p 00000000 00:00 0 
7f3ead432000-7f3ead433000 ---p 00000000 00:00 0 
7f3ead433000-7f3ead533000 rw-p 00000000 00:00 0 
7f3ead533000-7f3ead534000 ---p 00000000 00:00 0 
7f3ead534000-7f3ead634000 rw-p 00000000 00:00 0 
7f3ead634000-7f3ead635000 ---p 00000000 00:00 0 
7f3ead635000-7f3ead735000 rw-p 00000000 00:00 0 
7f3ead735000-7f3ead736000 ---p 00000000 00:00 0 
7f3ead736000-7f3eadc3a000 rw-p 00000000 00:00 0 
7f3eadc3a000-7f3eadc3b000 ---p 00000000 00:00 0 
7f3eadc3b000-7f3eadd3b000 rw-p 00000000 00:00 0 
7f3eadd3b000-7f3eadd3c000 ---p 00000000 00:00 0 
7f3eadd3c000-7f3eade3c000 rw-p 00000000 00:00 0 
7f3eade3c000-7f3eade3d000 ---p 00000000 00:00 0 
7f3eade3d000-7f3eadf3d000 rw-p 00000000 00:00 0 
7f3eadf3d000-7f3eadf3e000 ---p 00000000 00:00 0 
7f3eadf3e000-7f3eae043000 rw-p 00000000 00:00 0 
7f3eae043000-7f3eae129000 ---p 00000000 00:00 0 
7f3eae129000-7f3eae12e000 rw-p 00000000 00:00 0 
7f3eae12e000-7f3eae214000 ---p 00000000 00:00 0 
7f3eae214000-7f3eae22e000 r-xp 00000000 08:06 936479                     /usr/lib/jvm/java-9-oracle/lib/libjimage.so
7f3eae22e000-7f3eae42d000 ---p 0001a000 08:06 936479                     /usr/lib/jvm/java-9-oracle/lib/libjimage.so
7f3eae42d000-7f3eae42f000 rw-p 00019000 08:06 936479                     /usr/lib/jvm/java-9-oracle/lib/libjimage.so
7f3eae42f000-7f3eae441000 rw-p 00000000 00:00 0 
7f3eae441000-7f3eae448000 r-xp 00000000 08:06 936567                     /usr/lib/jvm/java-9-oracle/lib/libzip.so
7f3eae448000-7f3eae647000 ---p 00007000 08:06 936567                     /usr/lib/jvm/java-9-oracle/lib/libzip.so
7f3eae647000-7f3eae648000 rw-p 00006000 08:06 936567                     /usr/lib/jvm/java-9-oracle/lib/libzip.so
7f3eae648000-7f3eae653000 r-xp 00000000 08:06 3546021                    /lib/x86_64-linux-gnu/libnss_files-2.23.so
7f3eae653000-7f3eae852000 ---p 0000b000 08:06 3546021                    /lib/x86_64-linux-gnu/libnss_files-2.23.so
7f3eae852000-7f3eae853000 r--p 0000a000 08:06 3546021                    /lib/x86_64-linux-gnu/libnss_files-2.23.so
7f3eae853000-7f3eae854000 rw-p 0000b000 08:06 3546021                    /lib/x86_64-linux-gnu/libnss_files-2.23.so
7f3eae854000-7f3eae85a000 rw-p 00000000 00:00 0 
7f3eae85a000-7f3eae865000 r-xp 00000000 08:06 3546025                    /lib/x86_64-linux-gnu/libnss_nis-2.23.so
7f3eae865000-7f3eaea64000 ---p 0000b000 08:06 3546025                    /lib/x86_64-linux-gnu/libnss_nis-2.23.so
7f3eaea64000-7f3eaea65000 r--p 0000a000 08:06 3546025                    /lib/x86_64-linux-gnu/libnss_nis-2.23.so
7f3eaea65000-7f3eaea66000 rw-p 0000b000 08:06 3546025                    /lib/x86_64-linux-gnu/libnss_nis-2.23.so
7f3eaea66000-7f3eaea7c000 r-xp 00000000 08:06 3544037                    /lib/x86_64-linux-gnu/libnsl-2.23.so
7f3eaea7c000-7f3eaec7b000 ---p 00016000 08:06 3544037                    /lib/x86_64-linux-gnu/libnsl-2.23.so
7f3eaec7b000-7f3eaec7c000 r--p 00015000 08:06 3544037                    /lib/x86_64-linux-gnu/libnsl-2.23.so
7f3eaec7c000-7f3eaec7d000 rw-p 00016000 08:06 3544037                    /lib/x86_64-linux-gnu/libnsl-2.23.so
7f3eaec7d000-7f3eaec7f000 rw-p 00000000 00:00 0 
7f3eaec7f000-7f3eaec87000 r-xp 00000000 08:06 3546016                    /lib/x86_64-linux-gnu/libnss_compat-2.23.so
7f3eaec87000-7f3eaee86000 ---p 00008000 08:06 3546016                    /lib/x86_64-linux-gnu/libnss_compat-2.23.so
7f3eaee86000-7f3eaee87000 r--p 00007000 08:06 3546016                    /lib/x86_64-linux-gnu/libnss_compat-2.23.so
7f3eaee87000-7f3eaee88000 rw-p 00008000 08:06 3546016                    /lib/x86_64-linux-gnu/libnss_compat-2.23.so
7f3eaee88000-7f3eaee92000 r-xp 00000000 08:06 936494                     /usr/lib/jvm/java-9-oracle/lib/libinstrument.so
7f3eaee92000-7f3eaf091000 ---p 0000a000 08:06 936494                     /usr/lib/jvm/java-9-oracle/lib/libinstrument.so
7f3eaf091000-7f3eaf092000 rw-p 00009000 08:06 936494                     /usr/lib/jvm/java-9-oracle/lib/libinstrument.so
7f3eaf092000-7f3eaf0bd000 r-xp 00000000 08:06 936496                     /usr/lib/jvm/java-9-oracle/lib/libjava.so
7f3eaf0bd000-7f3eaf2bc000 ---p 0002b000 08:06 936496                     /usr/lib/jvm/java-9-oracle/lib/libjava.so
7f3eaf2bc000-7f3eaf2be000 rw-p 0002a000 08:06 936496                     /usr/lib/jvm/java-9-oracle/lib/libjava.so
7f3eaf2be000-7f3eaf2cb000 r-xp 00000000 08:06 936515                     /usr/lib/jvm/java-9-oracle/lib/libverify.so
7f3eaf2cb000-7f3eaf4ca000 ---p 0000d000 08:06 936515                     /usr/lib/jvm/java-9-oracle/lib/libverify.so
7f3eaf4ca000-7f3eaf4cc000 rw-p 0000c000 08:06 936515                     /usr/lib/jvm/java-9-oracle/lib/libverify.so
7f3eaf4cc000-7f3eaf4d3000 r-xp 00000000 08:06 3546026                    /lib/x86_64-linux-gnu/librt-2.23.so
7f3eaf4d3000-7f3eaf6d2000 ---p 00007000 08:06 3546026                    /lib/x86_64-linux-gnu/librt-2.23.so
7f3eaf6d2000-7f3eaf6d3000 r--p 00006000 08:06 3546026                    /lib/x86_64-linux-gnu/librt-2.23.so
7f3eaf6d3000-7f3eaf6d4000 rw-p 00007000 08:06 3546026                    /lib/x86_64-linux-gnu/librt-2.23.so
7f3eaf6d4000-7f3eaf7dc000 r-xp 00000000 08:06 3543685                    /lib/x86_64-linux-gnu/libm-2.23.so
7f3eaf7dc000-7f3eaf9db000 ---p 00108000 08:06 3543685                    /lib/x86_64-linux-gnu/libm-2.23.so
7f3eaf9db000-7f3eaf9dc000 r--p 00107000 08:06 3543685                    /lib/x86_64-linux-gnu/libm-2.23.so
7f3eaf9dc000-7f3eaf9dd000 rw-p 00108000 08:06 3543685                    /lib/x86_64-linux-gnu/libm-2.23.so
7f3eaf9dd000-7f3eb09f2000 r-xp 00000000 08:06 1069753                    /usr/lib/jvm/java-9-oracle/lib/server/libjvm.so
7f3eb09f2000-7f3eb0bf1000 ---p 01015000 08:06 1069753                    /usr/lib/jvm/java-9-oracle/lib/server/libjvm.so
7f3eb0bf1000-7f3eb0cc2000 r--p 01014000 08:06 1069753                    /usr/lib/jvm/java-9-oracle/lib/server/libjvm.so
7f3eb0cc2000-7f3eb0cf9000 rw-p 010e5000 08:06 1069753                    /usr/lib/jvm/java-9-oracle/lib/server/libjvm.so
7f3eb0cf9000-7f3eb0d62000 rw-p 00000000 00:00 0 
7f3eb0d62000-7f3eb0f22000 r-xp 00000000 08:06 3546002                    /lib/x86_64-linux-gnu/libc-2.23.so
7f3eb0f22000-7f3eb1122000 ---p 001c0000 08:06 3546002                    /lib/x86_64-linux-gnu/libc-2.23.so
7f3eb1122000-7f3eb1126000 r--p 001c0000 08:06 3546002                    /lib/x86_64-linux-gnu/libc-2.23.so
7f3eb1126000-7f3eb1128000 rw-p 001c4000 08:06 3546002                    /lib/x86_64-linux-gnu/libc-2.23.so
7f3eb1128000-7f3eb112c000 rw-p 00000000 00:00 0 
7f3eb112c000-7f3eb112f000 r-xp 00000000 08:06 3546004                    /lib/x86_64-linux-gnu/libdl-2.23.so
7f3eb112f000-7f3eb132e000 ---p 00003000 08:06 3546004                    /lib/x86_64-linux-gnu/libdl-2.23.so
7f3eb132e000-7f3eb132f000 r--p 00002000 08:06 3546004                    /lib/x86_64-linux-gnu/libdl-2.23.so
7f3eb132f000-7f3eb1330000 rw-p 00003000 08:06 3546004                    /lib/x86_64-linux-gnu/libdl-2.23.so
7f3eb1330000-7f3eb133e000 r-xp 00000000 08:06 1321572                    /usr/lib/jvm/java-9-oracle/lib/jli/libjli.so
7f3eb133e000-7f3eb153e000 ---p 0000e000 08:06 1321572                    /usr/lib/jvm/java-9-oracle/lib/jli/libjli.so
7f3eb153e000-7f3eb153f000 rw-p 0000e000 08:06 1321572                    /usr/lib/jvm/java-9-oracle/lib/jli/libjli.so
7f3eb153f000-7f3eb1557000 r-xp 00000000 08:06 3546001                    /lib/x86_64-linux-gnu/libpthread-2.23.so
7f3eb1557000-7f3eb1756000 ---p 00018000 08:06 3546001                    /lib/x86_64-linux-gnu/libpthread-2.23.so
7f3eb1756000-7f3eb1757000 r--p 00017000 08:06 3546001                    /lib/x86_64-linux-gnu/libpthread-2.23.so
7f3eb1757000-7f3eb1758000 rw-p 00018000 08:06 3546001                    /lib/x86_64-linux-gnu/libpthread-2.23.so
7f3eb1758000-7f3eb175c000 rw-p 00000000 00:00 0 
7f3eb175c000-7f3eb1775000 r-xp 00000000 08:06 3543923                    /lib/x86_64-linux-gnu/libz.so.1.2.8
7f3eb1775000-7f3eb1974000 ---p 00019000 08:06 3543923                    /lib/x86_64-linux-gnu/libz.so.1.2.8
7f3eb1974000-7f3eb1975000 r--p 00018000 08:06 3543923                    /lib/x86_64-linux-gnu/libz.so.1.2.8
7f3eb1975000-7f3eb1976000 rw-p 00019000 08:06 3543923                    /lib/x86_64-linux-gnu/libz.so.1.2.8
7f3eb1976000-7f3eb199c000 r-xp 00000000 08:06 3544321                    /lib/x86_64-linux-gnu/ld-2.23.so
7f3eb1a37000-7f3eb1a77000 rw-p 00000000 00:00 0 
7f3eb1a77000-7f3eb1a7c000 ---p 00000000 00:00 0 
7f3eb1a7c000-7f3eb1b7d000 rw-p 00000000 00:00 0 
7f3eb1b84000-7f3eb1b8a000 rw-p 00000000 00:00 0 
7f3eb1b8a000-7f3eb1b91000 ---p 00000000 00:00 0 
7f3eb1b91000-7f3eb1b99000 rw-s 00000000 08:06 2237187                    /tmp/hsperfdata_julio/20452
7f3eb1b99000-7f3eb1b9a000 rw-p 00000000 00:00 0 
7f3eb1b9a000-7f3eb1b9b000 r--p 00000000 00:00 0 
7f3eb1b9b000-7f3eb1b9c000 r--p 00025000 08:06 3544321                    /lib/x86_64-linux-gnu/ld-2.23.so
7f3eb1b9c000-7f3eb1b9d000 rw-p 00026000 08:06 3544321                    /lib/x86_64-linux-gnu/ld-2.23.so
7f3eb1b9d000-7f3eb1b9e000 rw-p 00000000 00:00 0 
7ffcab158000-7ffcab179000 rw-p 00000000 00:00 0                          [stack]
7ffcab1bd000-7ffcab1bf000 r--p 00000000 00:00 0                          [vvar]
7ffcab1bf000-7ffcab1c1000 r-xp 00000000 00:00 0                          [vdso]
ffffffffff600000-ffffffffff601000 r-xp 00000000 00:00 0                  [vsyscall]

VM Arguments:
jvm_args: -Xms512M -Xmx1024M -Xss1M -XX:+CMSClassUnloadingEnabled -javaagent:/opt/idea-IC-173.4548.28/lib/idea_rt.jar=37343:/opt/idea-IC-173.4548.28/bin -Dfile.encoding=UTF-8 
java_command: xsbt.boot.Boot
java_class_path (initial): /home/julio/.IdeaIC2017.3/config/plugins/Scala/launcher/sbt-launch.jar
Launcher Type: SUN_STANDARD

Logging:
Log output configuration:
#0: stdout all=warning uptime,level,tags
#1: stderr all=off uptime,level,tags

Environment Variables:
JAVA_HOME=/usr/lib/jvm/java-9-oracle
PATH=/home/julio/bin:/home/julio/.local/bin:/usr/local/sbin:/usr/local/bin:/usr/sbin:/usr/bin:/sbin:/bin:/usr/games:/usr/local/games:/usr/lib/jvm/java-9-oracle/bin:/usr/lib/jvm/java-9-oracle/db/bin
SHELL=/bin/bash
DISPLAY=:0

Signal Handlers:
SIGSEGV: [libjvm.so+0xd4d370], sa_mask[0]=11111111011111111101111111111110, sa_flags=SA_RESTART|SA_SIGINFO
SIGBUS: [libjvm.so+0xd4d370], sa_mask[0]=11111111011111111101111111111110, sa_flags=SA_RESTART|SA_SIGINFO
SIGFPE: [libjvm.so+0xd4d370], sa_mask[0]=11111111011111111101111111111110, sa_flags=SA_RESTART|SA_SIGINFO
SIGPIPE: [libjvm.so+0xb64780], sa_mask[0]=11111111011111111101111111111110, sa_flags=SA_RESTART|SA_SIGINFO
SIGXFSZ: [libjvm.so+0xb64780], sa_mask[0]=11111111011111111101111111111110, sa_flags=SA_RESTART|SA_SIGINFO
SIGILL: [libjvm.so+0xd4d370], sa_mask[0]=11111111011111111101111111111110, sa_flags=SA_RESTART|SA_SIGINFO
SIGUSR2: [libjvm.so+0xb64640], sa_mask[0]=00100000000000000000000000000000, sa_flags=SA_RESTART|SA_SIGINFO
SIGHUP: SIG_DFL, sa_mask[0]=00000000000000000000000000000000, sa_flags=none
SIGINT: SIG_DFL, sa_mask[0]=00000000000000000000000000000000, sa_flags=none
SIGTERM: SIG_DFL, sa_mask[0]=00000000000000000000000000000000, sa_flags=none
SIGQUIT: SIG_DFL, sa_mask[0]=00000000000000000000000000000000, sa_flags=none


---------------  S Y S T E M  ---------------

OS:DISTRIB_ID=LinuxMint
DISTRIB_RELEASE=18.2
DISTRIB_CODENAME=sonya
DISTRIB_DESCRIPTION="Linux Mint 18.2 Sonya"
uname:Linux 4.8.0-53-generic #56~16.04.1-Ubuntu SMP Tue May 16 01:18:56 UTC 2017 x86_64
libc:glibc 2.23 NPTL 2.23 
rlimit: STACK 8192k, CORE 0k, NPROC 31001, NOFILE 1048576, AS infinity
load average:1.06 1.04 1.25

/proc/meminfo:
MemTotal:        8039552 kB
MemFree:          131232 kB
MemAvailable:     151288 kB
Buffers:            3520 kB
Cached:           447160 kB
SwapCached:        19676 kB
Active:          6506532 kB
Inactive:        1026592 kB
Active(anon):    6401076 kB
Inactive(anon):   911980 kB
Active(file):     105456 kB
Inactive(file):   114612 kB
Unevictable:         324 kB
Mlocked:             324 kB
SwapTotal:       4095484 kB
SwapFree:            260 kB
Dirty:               772 kB
Writeback:             0 kB
AnonPages:       7063560 kB
Mapped:           262532 kB
Shmem:            230352 kB
Slab:             135400 kB
SReclaimable:      48788 kB
SUnreclaim:        86612 kB
KernelStack:       29232 kB
PageTables:       117732 kB
NFS_Unstable:          0 kB
Bounce:                0 kB
WritebackTmp:          0 kB
CommitLimit:     8115260 kB
Committed_AS:   23783496 kB
VmallocTotal:   34359738367 kB
VmallocUsed:           0 kB
VmallocChunk:          0 kB
HardwareCorrupted:     0 kB
AnonHugePages:   1011712 kB
ShmemHugePages:        0 kB
ShmemPmdMapped:        0 kB
CmaTotal:              0 kB
CmaFree:               0 kB
HugePages_Total:       0
HugePages_Free:        0
HugePages_Rsvd:        0
HugePages_Surp:        0
Hugepagesize:       2048 kB
DirectMap4k:      436852 kB
DirectMap2M:     7817216 kB
DirectMap1G:           0 kB


CPU:total 4 (initial active 4) (2 cores per cpu, 2 threads per core) family 6 model 142 stepping 9, cmov, cx8, fxsr, mmx, sse, sse2, sse3, ssse3, sse4.1, sse4.2, popcnt, avx, avx2, aes, clmul, erms, 3dnowpref, lzcnt, ht, tsc, tscinvbit, bmi1, bmi2, adx, fma
CPU Model and flags from /proc/cpuinfo:
model name	: Intel(R) Core(TM) i5-7200U CPU @ 2.50GHz
flags		: fpu vme de pse tsc msr pae mce cx8 apic sep mtrr pge mca cmov pat pse36 clflush dts acpi mmx fxsr sse sse2 ss ht tm pbe syscall nx pdpe1gb rdtscp lm constant_tsc art arch_perfmon pebs bts rep_good nopl xtopology nonstop_tsc aperfmperf eagerfpu pni pclmulqdq dtes64 monitor ds_cpl vmx est tm2 ssse3 sdbg fma cx16 xtpr pdcm pcid sse4_1 sse4_2 x2apic movbe popcnt tsc_deadline_timer aes xsave avx f16c rdrand lahf_lm abm 3dnowprefetch epb intel_pt tpr_shadow vnmi flexpriority ept vpid fsgsbase tsc_adjust bmi1 avx2 smep bmi2 erms invpcid mpx rdseed adx smap clflushopt xsaveopt xsavec xgetbv1 xsaves dtherm ida arat pln pts hwp hwp_notify hwp_act_window hwp_epp

Memory: 4k page, physical 8039552k(131108k free), swap 4095484k(260k free)

vm_info: Java HotSpot(TM) 64-Bit Server VM (9.0.4+11) for linux-amd64 JRE (9.0.4+11), built on Dec 19 2017 18:12:19 by "mach5one" with gcc 4.9.2

END.
