#
# There is insufficient memory for the Java Runtime Environment to continue.
# Native memory allocation (mmap) failed to map 536870912 bytes for committing reserved memory.
# Possible reasons:
#   The system is out of physical RAM or swap space
#   The process is running with CompressedOops enabled, and the Java Heap may be blocking the growth of the native heap
# Possible solutions:
#   Reduce memory load on the system
#   Increase physical memory or swap space
#   Check if swap backing store is full
#   Decrease Java heap size (-Xmx/-Xms)
#   Decrease number of Java threads
#   Decrease Java thread stack sizes (-Xss)
#   Set larger code cache with -XX:ReservedCodeCacheSize=
# This output file may be truncated or incomplete.
#
#  Out of Memory Error (os_linux.cpp:2647), pid=15080, tid=15081
#
# JRE version:  (9.0+11) (build )
# Java VM: Java HotSpot(TM) 64-Bit Server VM (9.0.4+11, mixed mode, aot, tiered, compressed oops, g1 gc, linux-amd64)
# No core dump will be written. Core dumps have been disabled. To enable core dumping, try "ulimit -c unlimited" before starting Java again
#

---------------  S U M M A R Y ------------

Command Line: -Xms512M -Xmx1024M -Xss1M -XX:+CMSClassUnloadingEnabled -javaagent:/opt/idea-IC-173.4548.28/lib/idea_rt.jar=44449:/opt/idea-IC-173.4548.28/bin -Dfile.encoding=UTF-8 xsbt.boot.Boot

Host: Intel(R) Core(TM) i5-7200U CPU @ 2.50GHz, 4 cores, 7G, Linux Mint 18.2 Sonya
Time: Sun Apr  1 12:34:21 2018 MSK elapsed time: 0 seconds (0d 0h 0m 0s)

---------------  T H R E A D  ---------------

Current thread (0x00007fa9b4013000):  JavaThread "Unknown thread" [_thread_in_vm, id=15081, stack(0x00007fa9bcc66000,0x00007fa9bcd66000)]

Stack: [0x00007fa9bcc66000,0x00007fa9bcd66000],  sp=0x00007fa9bcd642c0,  free space=1016k
Native frames: (J=compiled Java code, A=aot compiled Java code, j=interpreted, Vv=VM code, C=native code)
V  [libjvm.so+0xd4c6c2]  VMError::report_and_die(int, char const*, char const*, __va_list_tag*, Thread*, unsigned char*, void*, void*, char const*, int, unsigned long)+0x162
V  [libjvm.so+0xd4d32b]  VMError::report_and_die(Thread*, char const*, int, unsigned long, VMErrorType, char const*, __va_list_tag*)+0x2b
V  [libjvm.so+0x654ac8]  report_vm_out_of_memory(char const*, int, unsigned long, VMErrorType, char const*, ...)+0xd8
V  [libjvm.so+0xb68241]  os::pd_commit_memory_or_exit(char*, unsigned long, unsigned long, bool, char const*)+0x101
V  [libjvm.so+0xb628cd]  os::commit_memory_or_exit(char*, unsigned long, unsigned long, bool, char const*)+0x1d
V  [libjvm.so+0x763492]  G1PageBasedVirtualSpace::commit_preferred_pages(unsigned long, unsigned long)+0x62
V  [libjvm.so+0x7637ae]  G1PageBasedVirtualSpace::commit(unsigned long, unsigned long)+0x11e
V  [libjvm.so+0x766713]  G1RegionsLargerThanCommitSizeMapper::commit_regions(unsigned int, unsigned long, WorkGang*)+0x43
V  [libjvm.so+0x7f760c]  HeapRegionManager::commit_regions(unsigned int, unsigned long, WorkGang*)+0x7c
V  [libjvm.so+0x7f81d4]  HeapRegionManager::make_regions_available(unsigned int, unsigned int, WorkGang*)+0x34
V  [libjvm.so+0x7f86f1]  HeapRegionManager::expand_by(unsigned int, WorkGang*)+0x71
V  [libjvm.so+0x729a87]  G1CollectedHeap::expand(unsigned long, WorkGang*, double*)+0xd7
V  [libjvm.so+0x72c93a]  G1CollectedHeap::initialize()+0x6da
V  [libjvm.so+0xd0beff]  Universe::initialize_heap()+0x2f
V  [libjvm.so+0xd0c476]  universe_init()+0x46
V  [libjvm.so+0x80f267]  init_globals()+0x57
V  [libjvm.so+0xcede6e]  Threads::create_vm(JavaVMInitArgs*, bool*)+0x2ae
V  [libjvm.so+0x8adc4c]  JNI_CreateJavaVM+0x5c
C  [libjli.so+0x3a01]  JavaMain+0x81
C  [libpthread.so.0+0x76ba]  start_thread+0xca


---------------  P R O C E S S  ---------------

Java Threads: ( => current thread )

Other Threads:
  0x00007fa9b402a800 GCTaskThread "GC Thread#0" [stack: 0x00007fa9b912c000,0x00007fa9b922c000] [id=15082]
  0x00007fa9b402c000 GCTaskThread "GC Thread#1" [stack: 0x00007fa9b902b000,0x00007fa9b912b000] [id=15083]
  0x00007fa9b402d800 GCTaskThread "GC Thread#2" [stack: 0x00007fa9b8f2a000,0x00007fa9b902a000] [id=15084]
  0x00007fa9b402f800 GCTaskThread "GC Thread#3" [stack: 0x00007fa9b8e29000,0x00007fa9b8f29000] [id=15085]
  0x00007fa9b4070800 ConcurrentGCThread "G1 Main Marker" [stack: 0x00007fa9b801f000,0x00007fa9b811f000] [id=15091]
  0x00007fa9b4072000 ConcurrentGCThread "G1 Marker#0" [stack: 0x00007fa998643000,0x00007fa998743000] [id=15092]
  0x00007fa9b4037000 ConcurrentGCThread "G1 Refine#0" [stack: 0x00007fa9b8621000,0x00007fa9b8721000] [id=15089]
  0x00007fa9b4035000 ConcurrentGCThread "G1 Refine#1" [stack: 0x00007fa9b8722000,0x00007fa9b8822000] [id=15088]
  0x00007fa9b4033000 ConcurrentGCThread "G1 Refine#2" [stack: 0x00007fa9b8823000,0x00007fa9b8923000] [id=15087]
  0x00007fa9b4031800 ConcurrentGCThread "G1 Refine#3" [stack: 0x00007fa9b8924000,0x00007fa9b8a24000] [id=15086]
  0x00007fa9b4038800 ConcurrentGCThread "G1 Young RemSet Sampling" [stack: 0x00007fa9b8520000,0x00007fa9b8620000] [id=15090]

=>0x00007fa9b4013000 (exited) JavaThread "Unknown thread" [_thread_in_vm, id=15081, stack(0x00007fa9bcc66000,0x00007fa9bcd66000)]

Threads with active compile tasks:

VM state:not at safepoint (not fully initialized)

VM Mutex/Monitor currently owned by a thread:  ([mutex/lock_event])
[0x00007fa9b400fc80] Heap_lock - owner thread: 0x00007fa9b4013000

Heap address: 0x00000000c0000000, size: 1024 MB, Compressed Oops mode: Non-zero based: 0x00000000c0000000
Narrow klass base: 0x0000000000000000, Narrow klass shift: 0

GC Heap History (0 events):
No events

Deoptimization events (0 events):
No events

Classes redefined (0 events):
No events

Internal exceptions (0 events):
No events

Events (0 events):
No events


Dynamic libraries:
00400000-00401000 r-xp 00000000 08:06 936351                             /usr/lib/jvm/java-9-oracle/bin/java
00600000-00601000 rw-p 00000000 08:06 936351                             /usr/lib/jvm/java-9-oracle/bin/java
017e8000-01809000 rw-p 00000000 00:00 0                                  [heap]
e0000000-100000000 ---p 00000000 00:00 0 
7fa964000000-7fa964021000 rw-p 00000000 00:00 0 
7fa964021000-7fa968000000 ---p 00000000 00:00 0 
7fa96c000000-7fa96c021000 rw-p 00000000 00:00 0 
7fa96c021000-7fa970000000 ---p 00000000 00:00 0 
7fa970e01000-7fa971000000 rw-p 00000000 00:00 0 
7fa971000000-7fa973000000 rwxp 00000000 00:00 0 
7fa973000000-7fa974000000 ---p 00000000 00:00 0 
7fa974000000-7fa974021000 rw-p 00000000 00:00 0 
7fa974021000-7fa978000000 ---p 00000000 00:00 0 
7fa978000000-7fa978021000 rw-p 00000000 00:00 0 
7fa978021000-7fa97c000000 ---p 00000000 00:00 0 
7fa97c000000-7fa97c021000 rw-p 00000000 00:00 0 
7fa97c021000-7fa980000000 ---p 00000000 00:00 0 
7fa980000000-7fa980021000 rw-p 00000000 00:00 0 
7fa980021000-7fa984000000 ---p 00000000 00:00 0 
7fa984000000-7fa984021000 rw-p 00000000 00:00 0 
7fa984021000-7fa988000000 ---p 00000000 00:00 0 
7fa988000000-7fa988021000 rw-p 00000000 00:00 0 
7fa988021000-7fa98c000000 ---p 00000000 00:00 0 
7fa98c000000-7fa98c021000 rw-p 00000000 00:00 0 
7fa98c021000-7fa990000000 ---p 00000000 00:00 0 
7fa990000000-7fa990021000 rw-p 00000000 00:00 0 
7fa990021000-7fa994000000 ---p 00000000 00:00 0 
7fa994000000-7fa994021000 rw-p 00000000 00:00 0 
7fa994021000-7fa998000000 ---p 00000000 00:00 0 
7fa99810f000-7fa998642000 rw-p 00000000 00:00 0 
7fa998642000-7fa998643000 ---p 00000000 00:00 0 
7fa998643000-7fa998743000 rw-p 00000000 00:00 0 
7fa998743000-7fa999b43000 ---p 00000000 00:00 0 
7fa999b43000-7fa999db3000 rwxp 00000000 00:00 0 
7fa999db3000-7fa99a0d3000 ---p 00000000 00:00 0 
7fa99a0d3000-7fa99a343000 rwxp 00000000 00:00 0 
7fa99a343000-7fa9a160b000 ---p 00000000 00:00 0 
7fa9a160b000-7fa9a187b000 rwxp 00000000 00:00 0 
7fa9a187b000-7fa9a8b43000 ---p 00000000 00:00 0 
7fa9a8b43000-7fa9b4000000 r--s 00000000 08:06 936530                     /usr/lib/jvm/java-9-oracle/lib/modules
7fa9b4000000-7fa9b408c000 rw-p 00000000 00:00 0 
7fa9b408c000-7fa9b8000000 ---p 00000000 00:00 0 
7fa9b801e000-7fa9b801f000 ---p 00000000 00:00 0 
7fa9b801f000-7fa9b811f000 rw-p 00000000 00:00 0 
7fa9b811f000-7fa9b851f000 ---p 00000000 00:00 0 
7fa9b851f000-7fa9b8520000 ---p 00000000 00:00 0 
7fa9b8520000-7fa9b8620000 rw-p 00000000 00:00 0 
7fa9b8620000-7fa9b8621000 ---p 00000000 00:00 0 
7fa9b8621000-7fa9b8721000 rw-p 00000000 00:00 0 
7fa9b8721000-7fa9b8722000 ---p 00000000 00:00 0 
7fa9b8722000-7fa9b8822000 rw-p 00000000 00:00 0 
7fa9b8822000-7fa9b8823000 ---p 00000000 00:00 0 
7fa9b8823000-7fa9b8923000 rw-p 00000000 00:00 0 
7fa9b8923000-7fa9b8924000 ---p 00000000 00:00 0 
7fa9b8924000-7fa9b8e28000 rw-p 00000000 00:00 0 
7fa9b8e28000-7fa9b8e29000 ---p 00000000 00:00 0 
7fa9b8e29000-7fa9b8f29000 rw-p 00000000 00:00 0 
7fa9b8f29000-7fa9b8f2a000 ---p 00000000 00:00 0 
7fa9b8f2a000-7fa9b902a000 rw-p 00000000 00:00 0 
7fa9b902a000-7fa9b902b000 ---p 00000000 00:00 0 
7fa9b902b000-7fa9b912b000 rw-p 00000000 00:00 0 
7fa9b912b000-7fa9b912c000 ---p 00000000 00:00 0 
7fa9b912c000-7fa9b9231000 rw-p 00000000 00:00 0 
7fa9b9231000-7fa9b9317000 ---p 00000000 00:00 0 
7fa9b9317000-7fa9b931c000 rw-p 00000000 00:00 0 
7fa9b931c000-7fa9b9402000 ---p 00000000 00:00 0 
7fa9b9402000-7fa9b941c000 r-xp 00000000 08:06 936479                     /usr/lib/jvm/java-9-oracle/lib/libjimage.so
7fa9b941c000-7fa9b961b000 ---p 0001a000 08:06 936479                     /usr/lib/jvm/java-9-oracle/lib/libjimage.so
7fa9b961b000-7fa9b961d000 rw-p 00019000 08:06 936479                     /usr/lib/jvm/java-9-oracle/lib/libjimage.so
7fa9b961d000-7fa9b962f000 rw-p 00000000 00:00 0 
7fa9b962f000-7fa9b9636000 r-xp 00000000 08:06 936567                     /usr/lib/jvm/java-9-oracle/lib/libzip.so
7fa9b9636000-7fa9b9835000 ---p 00007000 08:06 936567                     /usr/lib/jvm/java-9-oracle/lib/libzip.so
7fa9b9835000-7fa9b9836000 rw-p 00006000 08:06 936567                     /usr/lib/jvm/java-9-oracle/lib/libzip.so
7fa9b9836000-7fa9b9841000 r-xp 00000000 08:06 3546021                    /lib/x86_64-linux-gnu/libnss_files-2.23.so
7fa9b9841000-7fa9b9a40000 ---p 0000b000 08:06 3546021                    /lib/x86_64-linux-gnu/libnss_files-2.23.so
7fa9b9a40000-7fa9b9a41000 r--p 0000a000 08:06 3546021                    /lib/x86_64-linux-gnu/libnss_files-2.23.so
7fa9b9a41000-7fa9b9a42000 rw-p 0000b000 08:06 3546021                    /lib/x86_64-linux-gnu/libnss_files-2.23.so
7fa9b9a42000-7fa9b9a48000 rw-p 00000000 00:00 0 
7fa9b9a48000-7fa9b9a53000 r-xp 00000000 08:06 3546025                    /lib/x86_64-linux-gnu/libnss_nis-2.23.so
7fa9b9a53000-7fa9b9c52000 ---p 0000b000 08:06 3546025                    /lib/x86_64-linux-gnu/libnss_nis-2.23.so
7fa9b9c52000-7fa9b9c53000 r--p 0000a000 08:06 3546025                    /lib/x86_64-linux-gnu/libnss_nis-2.23.so
7fa9b9c53000-7fa9b9c54000 rw-p 0000b000 08:06 3546025                    /lib/x86_64-linux-gnu/libnss_nis-2.23.so
7fa9b9c54000-7fa9b9c6a000 r-xp 00000000 08:06 3544037                    /lib/x86_64-linux-gnu/libnsl-2.23.so
7fa9b9c6a000-7fa9b9e69000 ---p 00016000 08:06 3544037                    /lib/x86_64-linux-gnu/libnsl-2.23.so
7fa9b9e69000-7fa9b9e6a000 r--p 00015000 08:06 3544037                    /lib/x86_64-linux-gnu/libnsl-2.23.so
7fa9b9e6a000-7fa9b9e6b000 rw-p 00016000 08:06 3544037                    /lib/x86_64-linux-gnu/libnsl-2.23.so
7fa9b9e6b000-7fa9b9e6d000 rw-p 00000000 00:00 0 
7fa9b9e6d000-7fa9b9e75000 r-xp 00000000 08:06 3546016                    /lib/x86_64-linux-gnu/libnss_compat-2.23.so
7fa9b9e75000-7fa9ba074000 ---p 00008000 08:06 3546016                    /lib/x86_64-linux-gnu/libnss_compat-2.23.so
7fa9ba074000-7fa9ba075000 r--p 00007000 08:06 3546016                    /lib/x86_64-linux-gnu/libnss_compat-2.23.so
7fa9ba075000-7fa9ba076000 rw-p 00008000 08:06 3546016                    /lib/x86_64-linux-gnu/libnss_compat-2.23.so
7fa9ba076000-7fa9ba080000 r-xp 00000000 08:06 936494                     /usr/lib/jvm/java-9-oracle/lib/libinstrument.so
7fa9ba080000-7fa9ba27f000 ---p 0000a000 08:06 936494                     /usr/lib/jvm/java-9-oracle/lib/libinstrument.so
7fa9ba27f000-7fa9ba280000 rw-p 00009000 08:06 936494                     /usr/lib/jvm/java-9-oracle/lib/libinstrument.so
7fa9ba280000-7fa9ba2ab000 r-xp 00000000 08:06 936496                     /usr/lib/jvm/java-9-oracle/lib/libjava.so
7fa9ba2ab000-7fa9ba4aa000 ---p 0002b000 08:06 936496                     /usr/lib/jvm/java-9-oracle/lib/libjava.so
7fa9ba4aa000-7fa9ba4ac000 rw-p 0002a000 08:06 936496                     /usr/lib/jvm/java-9-oracle/lib/libjava.so
7fa9ba4ac000-7fa9ba4b9000 r-xp 00000000 08:06 936515                     /usr/lib/jvm/java-9-oracle/lib/libverify.so
7fa9ba4b9000-7fa9ba6b8000 ---p 0000d000 08:06 936515                     /usr/lib/jvm/java-9-oracle/lib/libverify.so
7fa9ba6b8000-7fa9ba6ba000 rw-p 0000c000 08:06 936515                     /usr/lib/jvm/java-9-oracle/lib/libverify.so
7fa9ba6ba000-7fa9ba6c1000 r-xp 00000000 08:06 3546026                    /lib/x86_64-linux-gnu/librt-2.23.so
7fa9ba6c1000-7fa9ba8c0000 ---p 00007000 08:06 3546026                    /lib/x86_64-linux-gnu/librt-2.23.so
7fa9ba8c0000-7fa9ba8c1000 r--p 00006000 08:06 3546026                    /lib/x86_64-linux-gnu/librt-2.23.so
7fa9ba8c1000-7fa9ba8c2000 rw-p 00007000 08:06 3546026                    /lib/x86_64-linux-gnu/librt-2.23.so
7fa9ba8c2000-7fa9ba9ca000 r-xp 00000000 08:06 3543685                    /lib/x86_64-linux-gnu/libm-2.23.so
7fa9ba9ca000-7fa9babc9000 ---p 00108000 08:06 3543685                    /lib/x86_64-linux-gnu/libm-2.23.so
7fa9babc9000-7fa9babca000 r--p 00107000 08:06 3543685                    /lib/x86_64-linux-gnu/libm-2.23.so
7fa9babca000-7fa9babcb000 rw-p 00108000 08:06 3543685                    /lib/x86_64-linux-gnu/libm-2.23.so
7fa9babcb000-7fa9bbbe0000 r-xp 00000000 08:06 1069753                    /usr/lib/jvm/java-9-oracle/lib/server/libjvm.so
7fa9bbbe0000-7fa9bbddf000 ---p 01015000 08:06 1069753                    /usr/lib/jvm/java-9-oracle/lib/server/libjvm.so
7fa9bbddf000-7fa9bbeb0000 r--p 01014000 08:06 1069753                    /usr/lib/jvm/java-9-oracle/lib/server/libjvm.so
7fa9bbeb0000-7fa9bbee7000 rw-p 010e5000 08:06 1069753                    /usr/lib/jvm/java-9-oracle/lib/server/libjvm.so
7fa9bbee7000-7fa9bbf50000 rw-p 00000000 00:00 0 
7fa9bbf50000-7fa9bc110000 r-xp 00000000 08:06 3546002                    /lib/x86_64-linux-gnu/libc-2.23.so
7fa9bc110000-7fa9bc310000 ---p 001c0000 08:06 3546002                    /lib/x86_64-linux-gnu/libc-2.23.so
7fa9bc310000-7fa9bc314000 r--p 001c0000 08:06 3546002                    /lib/x86_64-linux-gnu/libc-2.23.so
7fa9bc314000-7fa9bc316000 rw-p 001c4000 08:06 3546002                    /lib/x86_64-linux-gnu/libc-2.23.so
7fa9bc316000-7fa9bc31a000 rw-p 00000000 00:00 0 
7fa9bc31a000-7fa9bc31d000 r-xp 00000000 08:06 3546004                    /lib/x86_64-linux-gnu/libdl-2.23.so
7fa9bc31d000-7fa9bc51c000 ---p 00003000 08:06 3546004                    /lib/x86_64-linux-gnu/libdl-2.23.so
7fa9bc51c000-7fa9bc51d000 r--p 00002000 08:06 3546004                    /lib/x86_64-linux-gnu/libdl-2.23.so
7fa9bc51d000-7fa9bc51e000 rw-p 00003000 08:06 3546004                    /lib/x86_64-linux-gnu/libdl-2.23.so
7fa9bc51e000-7fa9bc52c000 r-xp 00000000 08:06 1321572                    /usr/lib/jvm/java-9-oracle/lib/jli/libjli.so
7fa9bc52c000-7fa9bc72c000 ---p 0000e000 08:06 1321572                    /usr/lib/jvm/java-9-oracle/lib/jli/libjli.so
7fa9bc72c000-7fa9bc72d000 rw-p 0000e000 08:06 1321572                    /usr/lib/jvm/java-9-oracle/lib/jli/libjli.so
7fa9bc72d000-7fa9bc745000 r-xp 00000000 08:06 3546001                    /lib/x86_64-linux-gnu/libpthread-2.23.so
7fa9bc745000-7fa9bc944000 ---p 00018000 08:06 3546001                    /lib/x86_64-linux-gnu/libpthread-2.23.so
7fa9bc944000-7fa9bc945000 r--p 00017000 08:06 3546001                    /lib/x86_64-linux-gnu/libpthread-2.23.so
7fa9bc945000-7fa9bc946000 rw-p 00018000 08:06 3546001                    /lib/x86_64-linux-gnu/libpthread-2.23.so
7fa9bc946000-7fa9bc94a000 rw-p 00000000 00:00 0 
7fa9bc94a000-7fa9bc963000 r-xp 00000000 08:06 3543923                    /lib/x86_64-linux-gnu/libz.so.1.2.8
7fa9bc963000-7fa9bcb62000 ---p 00019000 08:06 3543923                    /lib/x86_64-linux-gnu/libz.so.1.2.8
7fa9bcb62000-7fa9bcb63000 r--p 00018000 08:06 3543923                    /lib/x86_64-linux-gnu/libz.so.1.2.8
7fa9bcb63000-7fa9bcb64000 rw-p 00019000 08:06 3543923                    /lib/x86_64-linux-gnu/libz.so.1.2.8
7fa9bcb64000-7fa9bcb8a000 r-xp 00000000 08:06 3544321                    /lib/x86_64-linux-gnu/ld-2.23.so
7fa9bcc25000-7fa9bcc65000 rw-p 00000000 00:00 0 
7fa9bcc65000-7fa9bcc6a000 ---p 00000000 00:00 0 
7fa9bcc6a000-7fa9bcd6b000 rw-p 00000000 00:00 0 
7fa9bcd72000-7fa9bcd78000 rw-p 00000000 00:00 0 
7fa9bcd78000-7fa9bcd7f000 ---p 00000000 00:00 0 
7fa9bcd7f000-7fa9bcd87000 rw-s 00000000 08:06 2237151                    /tmp/hsperfdata_julio/15080
7fa9bcd87000-7fa9bcd88000 rw-p 00000000 00:00 0 
7fa9bcd88000-7fa9bcd89000 r--p 00000000 00:00 0 
7fa9bcd89000-7fa9bcd8a000 r--p 00025000 08:06 3544321                    /lib/x86_64-linux-gnu/ld-2.23.so
7fa9bcd8a000-7fa9bcd8b000 rw-p 00026000 08:06 3544321                    /lib/x86_64-linux-gnu/ld-2.23.so
7fa9bcd8b000-7fa9bcd8c000 rw-p 00000000 00:00 0 
7fffc01d6000-7fffc01f7000 rw-p 00000000 00:00 0                          [stack]
7fffc01f7000-7fffc01f9000 r--p 00000000 00:00 0                          [vvar]
7fffc01f9000-7fffc01fb000 r-xp 00000000 00:00 0                          [vdso]
ffffffffff600000-ffffffffff601000 r-xp 00000000 00:00 0                  [vsyscall]

VM Arguments:
jvm_args: -Xms512M -Xmx1024M -Xss1M -XX:+CMSClassUnloadingEnabled -javaagent:/opt/idea-IC-173.4548.28/lib/idea_rt.jar=44449:/opt/idea-IC-173.4548.28/bin -Dfile.encoding=UTF-8 
java_command: xsbt.boot.Boot
java_class_path (initial): /home/julio/.IdeaIC2017.3/config/plugins/Scala/launcher/sbt-launch.jar
Launcher Type: SUN_STANDARD

Logging:
Log output configuration:
#0: stdout all=warning uptime,level,tags
#1: stderr all=off uptime,level,tags

Environment Variables:
JAVA_HOME=/usr/lib/jvm/java-9-oracle
PATH=/home/julio/bin:/home/julio/.local/bin:/usr/local/sbin:/usr/local/bin:/usr/sbin:/usr/bin:/sbin:/bin:/usr/games:/usr/local/games:/usr/lib/jvm/java-9-oracle/bin:/usr/lib/jvm/java-9-oracle/db/bin
SHELL=/bin/bash
DISPLAY=:0

Signal Handlers:
SIGSEGV: [libjvm.so+0xd4d370], sa_mask[0]=11111111011111111101111111111110, sa_flags=SA_RESTART|SA_SIGINFO
SIGBUS: [libjvm.so+0xd4d370], sa_mask[0]=11111111011111111101111111111110, sa_flags=SA_RESTART|SA_SIGINFO
SIGFPE: [libjvm.so+0xd4d370], sa_mask[0]=11111111011111111101111111111110, sa_flags=SA_RESTART|SA_SIGINFO
SIGPIPE: [libjvm.so+0xb64780], sa_mask[0]=11111111011111111101111111111110, sa_flags=SA_RESTART|SA_SIGINFO
SIGXFSZ: [libjvm.so+0xb64780], sa_mask[0]=11111111011111111101111111111110, sa_flags=SA_RESTART|SA_SIGINFO
SIGILL: [libjvm.so+0xd4d370], sa_mask[0]=11111111011111111101111111111110, sa_flags=SA_RESTART|SA_SIGINFO
SIGUSR2: [libjvm.so+0xb64640], sa_mask[0]=00100000000000000000000000000000, sa_flags=SA_RESTART|SA_SIGINFO
SIGHUP: SIG_DFL, sa_mask[0]=00000000000000000000000000000000, sa_flags=none
SIGINT: SIG_DFL, sa_mask[0]=00000000000000000000000000000000, sa_flags=none
SIGTERM: SIG_DFL, sa_mask[0]=00000000000000000000000000000000, sa_flags=none
SIGQUIT: SIG_DFL, sa_mask[0]=00000000000000000000000000000000, sa_flags=none


---------------  S Y S T E M  ---------------

OS:DISTRIB_ID=LinuxMint
DISTRIB_RELEASE=18.2
DISTRIB_CODENAME=sonya
DISTRIB_DESCRIPTION="Linux Mint 18.2 Sonya"
uname:Linux 4.8.0-53-generic #56~16.04.1-Ubuntu SMP Tue May 16 01:18:56 UTC 2017 x86_64
libc:glibc 2.23 NPTL 2.23 
rlimit: STACK 8192k, CORE 0k, NPROC 31001, NOFILE 1048576, AS infinity
load average:1.51 1.30 1.08

/proc/meminfo:
MemTotal:        8039552 kB
MemFree:          137868 kB
MemAvailable:     219592 kB
Buffers:            4776 kB
Cached:           495260 kB
SwapCached:        49564 kB
Active:          6484112 kB
Inactive:        1042028 kB
Active(anon):    6342360 kB
Inactive(anon):   905932 kB
Active(file):     141752 kB
Inactive(file):   136096 kB
Unevictable:         356 kB
Mlocked:             356 kB
SwapTotal:       4095484 kB
SwapFree:              0 kB
Dirty:             12868 kB
Writeback:             0 kB
AnonPages:       6977960 kB
Mapped:           287904 kB
Shmem:            222044 kB
Slab:             143428 kB
SReclaimable:      56564 kB
SUnreclaim:        86864 kB
KernelStack:       28256 kB
PageTables:       113392 kB
NFS_Unstable:          0 kB
Bounce:                0 kB
WritebackTmp:          0 kB
CommitLimit:     8115260 kB
Committed_AS:   23096032 kB
VmallocTotal:   34359738367 kB
VmallocUsed:           0 kB
VmallocChunk:          0 kB
HardwareCorrupted:     0 kB
AnonHugePages:   1210368 kB
ShmemHugePages:        0 kB
ShmemPmdMapped:        0 kB
CmaTotal:              0 kB
CmaFree:               0 kB
HugePages_Total:       0
HugePages_Free:        0
HugePages_Rsvd:        0
HugePages_Surp:        0
Hugepagesize:       2048 kB
DirectMap4k:      404084 kB
DirectMap2M:     7849984 kB
DirectMap1G:           0 kB


CPU:total 4 (initial active 4) (2 cores per cpu, 2 threads per core) family 6 model 142 stepping 9, cmov, cx8, fxsr, mmx, sse, sse2, sse3, ssse3, sse4.1, sse4.2, popcnt, avx, avx2, aes, clmul, erms, 3dnowpref, lzcnt, ht, tsc, tscinvbit, bmi1, bmi2, adx, fma
CPU Model and flags from /proc/cpuinfo:
model name	: Intel(R) Core(TM) i5-7200U CPU @ 2.50GHz
flags		: fpu vme de pse tsc msr pae mce cx8 apic sep mtrr pge mca cmov pat pse36 clflush dts acpi mmx fxsr sse sse2 ss ht tm pbe syscall nx pdpe1gb rdtscp lm constant_tsc art arch_perfmon pebs bts rep_good nopl xtopology nonstop_tsc aperfmperf eagerfpu pni pclmulqdq dtes64 monitor ds_cpl vmx est tm2 ssse3 sdbg fma cx16 xtpr pdcm pcid sse4_1 sse4_2 x2apic movbe popcnt tsc_deadline_timer aes xsave avx f16c rdrand lahf_lm abm 3dnowprefetch epb intel_pt tpr_shadow vnmi flexpriority ept vpid fsgsbase tsc_adjust bmi1 avx2 smep bmi2 erms invpcid mpx rdseed adx smap clflushopt xsaveopt xsavec xgetbv1 xsaves dtherm ida arat pln pts hwp hwp_notify hwp_act_window hwp_epp

Memory: 4k page, physical 8039552k(138384k free), swap 4095484k(0k free)

vm_info: Java HotSpot(TM) 64-Bit Server VM (9.0.4+11) for linux-amd64 JRE (9.0.4+11), built on Dec 19 2017 18:12:19 by "mach5one" with gcc 4.9.2

END.
