#
# There is insufficient memory for the Java Runtime Environment to continue.
# Native memory allocation (mmap) failed to map 175112192 bytes for committing reserved memory.
# Possible reasons:
#   The system is out of physical RAM or swap space
#   The process is running with CompressedOops enabled, and the Java Heap may be blocking the growth of the native heap
# Possible solutions:
#   Reduce memory load on the system
#   Increase physical memory or swap space
#   Check if swap backing store is full
#   Decrease Java heap size (-Xmx/-Xms)
#   Decrease number of Java threads
#   Decrease Java thread stack sizes (-Xss)
#   Set larger code cache with -XX:ReservedCodeCacheSize=
#   JVM is running with Unscaled Compressed Oops mode in which the Java heap is
#     placed in the first 4GB address space. The Java Heap base address is the
#     maximum limit for the native heap growth. Please use -XX:HeapBaseMinAddress
#     to set the Java Heap base and to place the Java Heap above 4GB virtual address.
# This output file may be truncated or incomplete.
#
#  Out of Memory Error (os_linux.cpp:2647), pid=10610, tid=10624
#
# JRE version: Java(TM) SE Runtime Environment (9.0+11) (build 9.0.4+11)
# Java VM: Java HotSpot(TM) 64-Bit Server VM (9.0.4+11, mixed mode, tiered, compressed oops, g1 gc, linux-amd64)
# No core dump will be written. Core dumps have been disabled. To enable core dumping, try "ulimit -c unlimited" before starting Java again
#

---------------  S U M M A R Y ------------

Command Line: -agentlib:jdwp=transport=dt_socket,address=localhost:33125,suspend=n,server=y -Xdebug -Xmx768M -XX:MaxPermSize=384M -Dfile.encoding=UTF-8 -Didea.runid=2017.2 -Didea.managed=true /home/julio/.IdeaIC2017.3/config/plugins/Scala/launcher/sbt-launch.jar idea-shell

Host: Intel(R) Core(TM) i5-7200U CPU @ 2.50GHz, 4 cores, 7G, Linux Mint 18.2 Sonya
Time: Sun Apr  1 13:33:21 2018 MSK elapsed time: 6529 seconds (0d 1h 48m 49s)

---------------  T H R E A D  ---------------

Current thread (0x00007faf5c158800):  VMThread "VM Thread" [stack: 0x00007faf4013e000,0x00007faf4023e000] [id=10624]

Stack: [0x00007faf4013e000,0x00007faf4023e000],  sp=0x00007faf4023c070,  free space=1016k
Native frames: (J=compiled Java code, A=aot compiled Java code, j=interpreted, Vv=VM code, C=native code)
V  [libjvm.so+0xd4c6c2]  VMError::report_and_die(int, char const*, char const*, __va_list_tag*, Thread*, unsigned char*, void*, void*, char const*, int, unsigned long)+0x162
V  [libjvm.so+0xd4d32b]  VMError::report_and_die(Thread*, char const*, int, unsigned long, VMErrorType, char const*, __va_list_tag*)+0x2b
V  [libjvm.so+0x654ac8]  report_vm_out_of_memory(char const*, int, unsigned long, VMErrorType, char const*, ...)+0xd8
V  [libjvm.so+0xb68241]  os::pd_commit_memory_or_exit(char*, unsigned long, unsigned long, bool, char const*)+0x101
V  [libjvm.so+0xb628cd]  os::commit_memory_or_exit(char*, unsigned long, unsigned long, bool, char const*)+0x1d
V  [libjvm.so+0x763492]  G1PageBasedVirtualSpace::commit_preferred_pages(unsigned long, unsigned long)+0x62
V  [libjvm.so+0x7637ae]  G1PageBasedVirtualSpace::commit(unsigned long, unsigned long)+0x11e
V  [libjvm.so+0x766713]  G1RegionsLargerThanCommitSizeMapper::commit_regions(unsigned int, unsigned long, WorkGang*)+0x43
V  [libjvm.so+0x7f760c]  HeapRegionManager::commit_regions(unsigned int, unsigned long, WorkGang*)+0x7c
V  [libjvm.so+0x7f81d4]  HeapRegionManager::make_regions_available(unsigned int, unsigned int, WorkGang*)+0x34
V  [libjvm.so+0x7f86f1]  HeapRegionManager::expand_by(unsigned int, WorkGang*)+0x71
V  [libjvm.so+0x729a87]  G1CollectedHeap::expand(unsigned long, WorkGang*, double*)+0xd7
V  [libjvm.so+0x7309ca]  G1CollectedHeap::do_collection_pause_at_safepoint(double)+0x104a
V  [libjvm.so+0xd5e4c2]  VM_G1IncCollectionPause::doit()+0x82
V  [libjvm.so+0xd5d4f9]  VM_Operation::evaluate()+0x59
V  [libjvm.so+0xd5b243]  VMThread::evaluate_operation(VM_Operation*)+0xc3
V  [libjvm.so+0xd5b7b0]  VMThread::loop()+0x210
V  [libjvm.so+0xd5bcc2]  VMThread::run()+0x72
V  [libjvm.so+0xb6e132]  thread_native_entry(Thread*)+0xf2

VM_Operation (0x00007faed856c500): G1IncCollectionPause, mode: safepoint, requested by thread 0x00007faee4013800


---------------  P R O C E S S  ---------------

Java Threads: ( => current thread )
  0x00007faef5437000 JavaThread "default-akka.actor.default-dispatcher-4" [_thread_blocked, id=21532, stack(0x00007faebb7fe000,0x00007faebb8ff000)]
  0x00007faef0371800 JavaThread "default-akka.actor.default-dispatcher-3" [_thread_blocked, id=21531, stack(0x00007faebb8ff000,0x00007faebba00000)]
  0x00007faef036b000 JavaThread "default-akka.actor.default-dispatcher-2" [_thread_blocked, id=21530, stack(0x00007faec007d000,0x00007faec017e000)]
  0x00007faef02fb800 JavaThread "default-scheduler-1" [_thread_blocked, id=21526, stack(0x00007faed816e000,0x00007faed826f000)]
  0x00007faee4013800 JavaThread "run-main-0" [_thread_blocked, id=21524, stack(0x00007faed8471000,0x00007faed8572000)]
  0x00007faec8261000 JavaThread "sbt-bg-threads-1" [_thread_blocked, id=21522, stack(0x00007faec2ffc000,0x00007faec30fd000)]
  0x00007faf080e5000 JavaThread "scala-execution-context-global-394" daemon [_thread_blocked, id=21521, stack(0x00007faec31fe000,0x00007faec32ff000)]
  0x00007faecc123800 JavaThread "pool-48-thread-6" [_thread_blocked, id=21520, stack(0x00007faec30fd000,0x00007faec31fe000)]
  0x00007faecc0ab800 JavaThread "pool-48-thread-5" [_thread_blocked, id=21519, stack(0x00007faed826f000,0x00007faed8370000)]
  0x00007faf5f001000 JavaThread "pool-48-thread-4" [_thread_blocked, id=21518, stack(0x00007faed806d000,0x00007faed816e000)]
  0x00007faf5cde0800 JavaThread "pool-48-thread-3" [_thread_blocked, id=21517, stack(0x00007faec107f000,0x00007faec1180000)]
  0x00007faf5ccff000 JavaThread "pool-48-thread-2" [_thread_blocked, id=21516, stack(0x00007faed8370000,0x00007faed8471000)]
  0x00007faf5cf3e800 JavaThread "pool-48-thread-1" [_thread_blocked, id=21515, stack(0x00007faec2efb000,0x00007faec2ffc000)]
  0x00007faf080e3000 JavaThread "scala-execution-context-global-386" daemon [_thread_blocked, id=21496, stack(0x00007faec29fa000,0x00007faec2afb000)]
  0x00007faf08036800 JavaThread "scala-execution-context-global-385" daemon [_thread_blocked, id=21495, stack(0x00007faec0f7e000,0x00007faec107f000)]
  0x00007faf5d81f000 JavaThread "process reaper" daemon [_thread_blocked, id=21486, stack(0x00007faf65a54000,0x00007faf65a76000)]
  0x00007faebc15b800 JavaThread "scala-execution-context-global-348" daemon [_thread_blocked, id=20328, stack(0x00007faec3cff000,0x00007faec3e00000)]
  0x00007faf5e495800 JavaThread "Log4j2-TF-1-AsyncLogger[AsyncContext@2df3b89c]-1" daemon [_thread_blocked, id=10641, stack(0x00007faedb8fa000,0x00007faedb9fb000)]
  0x00007faf5c277800 JavaThread "Service Thread" daemon [_thread_blocked, id=10635, stack(0x00007faf10bbf000,0x00007faf10cc0000)]
  0x00007faf5c275800 JavaThread "JDWP Event Helper Thread" daemon [_thread_blocked, id=10634, stack(0x00007faf10cc0000,0x00007faf10dc1000)]
  0x00007faf5c271800 JavaThread "JDWP Transport Listener: dt_socket" daemon [_thread_in_native, id=10633, stack(0x00007faf10dc1000,0x00007faf10ec2000)]
  0x00007faf5c1ca800 JavaThread "Common-Cleaner" daemon [_thread_blocked, id=10632, stack(0x00007faf110c6000,0x00007faf111c7000)]
  0x00007faf5c18e000 JavaThread "Sweeper thread" daemon [_thread_blocked, id=10631, stack(0x00007faf115ef000,0x00007faf116f0000)]
  0x00007faf5c18c800 JavaThread "C1 CompilerThread2" daemon [_thread_blocked, id=10630, stack(0x00007faf116f0000,0x00007faf117f1000)]
  0x00007faf5c18a800 JavaThread "C2 CompilerThread1" daemon [_thread_blocked, id=10629, stack(0x00007faf117f1000,0x00007faf118f2000)]
  0x00007faf5c188800 JavaThread "C2 CompilerThread0" daemon [_thread_blocked, id=10628, stack(0x00007faf118f2000,0x00007faf119f3000)]
  0x00007faf5c186800 JavaThread "Signal Dispatcher" daemon [_thread_blocked, id=10627, stack(0x00007faf119f3000,0x00007faf11af4000)]
  0x00007faf5c16a800 JavaThread "Finalizer" daemon [_thread_blocked, id=10626, stack(0x00007faf11eff000,0x00007faf12000000)]
  0x00007faf5c162800 JavaThread "Reference Handler" daemon [_thread_blocked, id=10625, stack(0x00007faf4003c000,0x00007faf4013d000)]
  0x00007faf5c013800 JavaThread "main" [_thread_blocked, id=10612, stack(0x00007faf65b23000,0x00007faf65c23000)]

Other Threads:
=>0x00007faf5c158800 VMThread "VM Thread" [stack: 0x00007faf4013e000,0x00007faf4023e000] [id=10624]
  0x00007faf5c27a800 WatcherThread [stack: 0x00007faf10abf000,0x00007faf10bbf000] [id=10637]
  0x00007faf5c02a800 GCTaskThread "GC Thread#0" [stack: 0x00007faf61fb7000,0x00007faf620b7000] [id=10613]
  0x00007faf5c02c000 GCTaskThread "GC Thread#1" [stack: 0x00007faf61eb6000,0x00007faf61fb6000] [id=10614]
  0x00007faf5c02d800 GCTaskThread "GC Thread#2" [stack: 0x00007faf61db5000,0x00007faf61eb5000] [id=10615]
  0x00007faf5c02f800 GCTaskThread "GC Thread#3" [stack: 0x00007faf61cb4000,0x00007faf61db4000] [id=10616]
  0x00007faf5c064000 ConcurrentGCThread "G1 Main Marker" [stack: 0x00007faf600aa000,0x00007faf601aa000] [id=10622]
  0x00007faf5c065800 ConcurrentGCThread "G1 Marker#0" [stack: 0x00007faf40e43000,0x00007faf40f43000] [id=10623]
  0x00007faf5c037000 ConcurrentGCThread "G1 Refine#0" [stack: 0x00007faf614ac000,0x00007faf615ac000] [id=10620]
  0x00007faf5c035000 ConcurrentGCThread "G1 Refine#1" [stack: 0x00007faf615ad000,0x00007faf616ad000] [id=10619]
  0x00007faf5c033000 ConcurrentGCThread "G1 Refine#2" [stack: 0x00007faf616ae000,0x00007faf617ae000] [id=10618]
  0x00007faf5c031800 ConcurrentGCThread "G1 Refine#3" [stack: 0x00007faf617af000,0x00007faf618af000] [id=10617]
  0x00007faf5c038800 ConcurrentGCThread "G1 Young RemSet Sampling" [stack: 0x00007faf613ab000,0x00007faf614ab000] [id=10621]

Threads with active compile tasks:
C2 CompilerThread129944       4       java.lang.invoke.MemberName::hashCode (43 bytes)
C2 CompilerThread029945       4       java.lang.invoke.DelegatingMethodHandle::makeReinvokerForm (356 bytes)

VM state:at safepoint (normal execution)

VM Mutex/Monitor currently owned by a thread:  ([mutex/lock_event])
[0x00007faf5c00f6a0] Threads_lock - owner thread: 0x00007faf5c158800
[0x00007faf5c00fc40] Heap_lock - owner thread: 0x00007faee4013800

Heap address: 0x00000000d0000000, size: 768 MB, Compressed Oops mode: 32-bit
Narrow klass base: 0x0000000000000000, Narrow klass shift: 3
Compressed class space size: 1073741824 Address: 0x0000000100000000

Heap:
 garbage-first heap   total 366592K, used 72795K [0x00000000d0000000, 0x00000000d0100b30, 0x0000000100000000)
  region size 1024K, 7 young (7168K), 7 survivors (7168K)
 Metaspace       used 127276K, capacity 142416K, committed 142464K, reserved 1175552K
  class space    used 15077K, capacity 15954K, committed 16000K, reserved 1048576K
Heap Regions: E=young(eden), S=young(survivor), O=old, HS=humongous(starts), HC=humongous(continues), CS=collection set, F=free, A=archive, TS=gc time stamp, AC=allocation context, TAMS=top-at-mark-start (previous, next)
|   0|0x00000000d0000000, 0x00000000d00fd1f8, 0x00000000d0100000| 98%| O|  |TS  0|AC  0|TAMS 0x00000000d00fd1f8, 0x00000000d00fd1f8|
|   1|0x00000000d0100000, 0x00000000d01fffe8, 0x00000000d0200000| 99%| O|  |TS  0|AC  0|TAMS 0x00000000d01fffe8, 0x00000000d01fffe8|
|   2|0x00000000d0200000, 0x00000000d0300000, 0x00000000d0300000|100%| O|  |TS  0|AC  0|TAMS 0x00000000d0300000, 0x00000000d0300000|
|   3|0x00000000d0300000, 0x00000000d03fc120, 0x00000000d0400000| 98%| O|  |TS  0|AC  0|TAMS 0x00000000d03fc120, 0x00000000d03fc120|
|   4|0x00000000d0400000, 0x00000000d04fffe0, 0x00000000d0500000| 99%| O|  |TS  0|AC  0|TAMS 0x00000000d04fffe0, 0x00000000d04fffe0|
|   5|0x00000000d0500000, 0x00000000d05fffb0, 0x00000000d0600000| 99%| O|  |TS  0|AC  0|TAMS 0x00000000d05fffb0, 0x00000000d05fffb0|
|   6|0x00000000d0600000, 0x00000000d06fed58, 0x00000000d0700000| 99%| O|  |TS  0|AC  0|TAMS 0x00000000d06fed58, 0x00000000d06fed58|
|   7|0x00000000d0700000, 0x00000000d07fffe0, 0x00000000d0800000| 99%| O|  |TS  0|AC  0|TAMS 0x00000000d07fffe0, 0x00000000d07fffe0|
|   8|0x00000000d0800000, 0x00000000d08ffff0, 0x00000000d0900000| 99%| O|  |TS  0|AC  0|TAMS 0x00000000d08ffff0, 0x00000000d08ffff0|
|   9|0x00000000d0900000, 0x00000000d09fffa0, 0x00000000d0a00000| 99%| O|  |TS  0|AC  0|TAMS 0x00000000d09fffa0, 0x00000000d09fffa0|
|  10|0x00000000d0a00000, 0x00000000d0afffe8, 0x00000000d0b00000| 99%| O|  |TS  0|AC  0|TAMS 0x00000000d0afffe8, 0x00000000d0afffe8|
|  11|0x00000000d0b00000, 0x00000000d0c00000, 0x00000000d0c00000|100%| O|  |TS  0|AC  0|TAMS 0x00000000d0c00000, 0x00000000d0c00000|
|  12|0x00000000d0c00000, 0x00000000d0cfffa0, 0x00000000d0d00000| 99%| O|  |TS  0|AC  0|TAMS 0x00000000d0cfffa0, 0x00000000d0cfffa0|
|  13|0x00000000d0d00000, 0x00000000d0dfffd8, 0x00000000d0e00000| 99%| O|  |TS  0|AC  0|TAMS 0x00000000d0dfffd8, 0x00000000d0dfffd8|
|  14|0x00000000d0e00000, 0x00000000d0effff8, 0x00000000d0f00000| 99%| O|  |TS  0|AC  0|TAMS 0x00000000d0effff8, 0x00000000d0effff8|
|  15|0x00000000d0f00000, 0x00000000d0ffffe8, 0x00000000d1000000| 99%| O|  |TS  0|AC  0|TAMS 0x00000000d0ffffe8, 0x00000000d0ffffe8|
|  16|0x00000000d1000000, 0x00000000d10ffff8, 0x00000000d1100000| 99%| O|  |TS  0|AC  0|TAMS 0x00000000d10ffff8, 0x00000000d10ffff8|
|  17|0x00000000d1100000, 0x00000000d11ffff0, 0x00000000d1200000| 99%| O|  |TS  0|AC  0|TAMS 0x00000000d11ffff0, 0x00000000d11ffff0|
|  18|0x00000000d1200000, 0x00000000d12ffff8, 0x00000000d1300000| 99%| O|  |TS  0|AC  0|TAMS 0x00000000d12ffff8, 0x00000000d12ffff8|
|  19|0x00000000d1300000, 0x00000000d1400000, 0x00000000d1400000|100%| O|  |TS  0|AC  0|TAMS 0x00000000d1400000, 0x00000000d1400000|
|  20|0x00000000d1400000, 0x00000000d14fffe8, 0x00000000d1500000| 99%| O|  |TS  0|AC  0|TAMS 0x00000000d14fffe8, 0x00000000d14fffe8|
|  21|0x00000000d1500000, 0x00000000d15fffe0, 0x00000000d1600000| 99%| O|  |TS  0|AC  0|TAMS 0x00000000d15fffe0, 0x00000000d15fffe0|
|  22|0x00000000d1600000, 0x00000000d16ffff8, 0x00000000d1700000| 99%| O|  |TS  0|AC  0|TAMS 0x00000000d16ffff8, 0x00000000d16ffff8|
|  23|0x00000000d1700000, 0x00000000d17ffff8, 0x00000000d1800000| 99%| O|  |TS  0|AC  0|TAMS 0x00000000d17ffff8, 0x00000000d17ffff8|
|  24|0x00000000d1800000, 0x00000000d18fffe0, 0x00000000d1900000| 99%| O|  |TS  0|AC  0|TAMS 0x00000000d18fffe0, 0x00000000d18fffe0|
|  25|0x00000000d1900000, 0x00000000d19fffe8, 0x00000000d1a00000| 99%| O|  |TS  0|AC  0|TAMS 0x00000000d19fffe8, 0x00000000d19fffe8|
|  26|0x00000000d1a00000, 0x00000000d1affff0, 0x00000000d1b00000| 99%| O|  |TS  0|AC  0|TAMS 0x00000000d1affff0, 0x00000000d1affff0|
|  27|0x00000000d1b00000, 0x00000000d1bffff8, 0x00000000d1c00000| 99%| O|  |TS  0|AC  0|TAMS 0x00000000d1bffff8, 0x00000000d1bffff8|
|  28|0x00000000d1c00000, 0x00000000d1cfffd8, 0x00000000d1d00000| 99%| O|  |TS  0|AC  0|TAMS 0x00000000d1cfffd8, 0x00000000d1cfffd8|
|  29|0x00000000d1d00000, 0x00000000d1dfffd8, 0x00000000d1e00000| 99%| O|  |TS  0|AC  0|TAMS 0x00000000d1dfffd8, 0x00000000d1dfffd8|
|  30|0x00000000d1e00000, 0x00000000d1efffe8, 0x00000000d1f00000| 99%| O|  |TS  0|AC  0|TAMS 0x00000000d1efffe8, 0x00000000d1efffe8|
|  31|0x00000000d1f00000, 0x00000000d1fffff8, 0x00000000d2000000| 99%| O|  |TS  0|AC  0|TAMS 0x00000000d1fffff8, 0x00000000d1fffff8|
|  32|0x00000000d2000000, 0x00000000d2100000, 0x00000000d2100000|100%| O|  |TS  0|AC  0|TAMS 0x00000000d2100000, 0x00000000d2100000|
|  33|0x00000000d2100000, 0x00000000d21fffd8, 0x00000000d2200000| 99%| O|  |TS  0|AC  0|TAMS 0x00000000d21fffd8, 0x00000000d21fffd8|
|  34|0x00000000d2200000, 0x00000000d22fffb8, 0x00000000d2300000| 99%| O|  |TS  0|AC  0|TAMS 0x00000000d22fffb8, 0x00000000d22fffb8|
|  35|0x00000000d2300000, 0x00000000d23ffff0, 0x00000000d2400000| 99%| O|  |TS  0|AC  0|TAMS 0x00000000d23ffff0, 0x00000000d23ffff0|
|  36|0x00000000d2400000, 0x00000000d24ffff0, 0x00000000d2500000| 99%| O|  |TS  0|AC  0|TAMS 0x00000000d24ffff0, 0x00000000d24ffff0|
|  37|0x00000000d2500000, 0x00000000d25fffc0, 0x00000000d2600000| 99%| O|  |TS  0|AC  0|TAMS 0x00000000d25fffc0, 0x00000000d25fffc0|
|  38|0x00000000d2600000, 0x00000000d26fffd8, 0x00000000d2700000| 99%| O|  |TS  0|AC  0|TAMS 0x00000000d26fffd8, 0x00000000d26fffd8|
|  39|0x00000000d2700000, 0x00000000d27fffd0, 0x00000000d2800000| 99%| O|  |TS  0|AC  0|TAMS 0x00000000d27fffd0, 0x00000000d27fffd0|
|  40|0x00000000d2800000, 0x00000000d28ffff0, 0x00000000d2900000| 99%| O|  |TS  0|AC  0|TAMS 0x00000000d28ffff0, 0x00000000d28ffff0|
|  41|0x00000000d2900000, 0x00000000d29fffe8, 0x00000000d2a00000| 99%| O|  |TS  0|AC  0|TAMS 0x00000000d29fffe8, 0x00000000d29fffe8|
|  42|0x00000000d2a00000, 0x00000000d2afe0a0, 0x00000000d2b00000| 99%| O|  |TS  0|AC  0|TAMS 0x00000000d2afe0a0, 0x00000000d2afe0a0|
|  43|0x00000000d2b00000, 0x00000000d2bfffe8, 0x00000000d2c00000| 99%| O|  |TS  0|AC  0|TAMS 0x00000000d2bfffe8, 0x00000000d2bfffe8|
|  44|0x00000000d2c00000, 0x00000000d2cfffe0, 0x00000000d2d00000| 99%| O|  |TS  0|AC  0|TAMS 0x00000000d2cfffe0, 0x00000000d2cfffe0|
|  45|0x00000000d2d00000, 0x00000000d2dfffc8, 0x00000000d2e00000| 99%| O|  |TS  0|AC  0|TAMS 0x00000000d2dfffc8, 0x00000000d2dfffc8|
|  46|0x00000000d2e00000, 0x00000000d2efffe8, 0x00000000d2f00000| 99%| O|  |TS  0|AC  0|TAMS 0x00000000d2efffe8, 0x00000000d2efffe8|
|  47|0x00000000d2f00000, 0x00000000d3000000, 0x00000000d3000000|100%| O|  |TS  0|AC  0|TAMS 0x00000000d3000000, 0x00000000d3000000|
|  48|0x00000000d3000000, 0x00000000d30fffd0, 0x00000000d3100000| 99%| O|  |TS  0|AC  0|TAMS 0x00000000d30fffd0, 0x00000000d30fffd0|
|  49|0x00000000d3100000, 0x00000000d31ffff8, 0x00000000d3200000| 99%| O|  |TS  0|AC  0|TAMS 0x00000000d31ffff8, 0x00000000d31ffff8|
|  50|0x00000000d3200000, 0x00000000d32e7240, 0x00000000d3300000| 90%| O|  |TS  0|AC  0|TAMS 0x00000000d32e7240, 0x00000000d32e7240|
|  51|0x00000000d3300000, 0x00000000d3400000, 0x00000000d3400000|100%| O|  |TS  0|AC  0|TAMS 0x00000000d3400000, 0x00000000d3400000|
|  52|0x00000000d3400000, 0x00000000d34fffe0, 0x00000000d3500000| 99%| O|  |TS  0|AC  0|TAMS 0x00000000d34fffe0, 0x00000000d34fffe0|
|  53|0x00000000d3500000, 0x00000000d35ffff0, 0x00000000d3600000| 99%| O|  |TS  0|AC  0|TAMS 0x00000000d35ffff0, 0x00000000d35ffff0|
|  54|0x00000000d3600000, 0x00000000d36ff548, 0x00000000d3700000| 99%| O|  |TS  0|AC  0|TAMS 0x00000000d36ff548, 0x00000000d36ff548|
|  55|0x00000000d3700000, 0x00000000d37ff028, 0x00000000d3800000| 99%| O|  |TS  0|AC  0|TAMS 0x00000000d37ff028, 0x00000000d37ff028|
|  56|0x00000000d3800000, 0x00000000d38f50e0, 0x00000000d3900000| 95%| O|  |TS  0|AC  0|TAMS 0x00000000d38f50e0, 0x00000000d38f50e0|
|  57|0x00000000d3900000, 0x00000000d39ffff0, 0x00000000d3a00000| 99%| O|  |TS  0|AC  0|TAMS 0x00000000d39ffff0, 0x00000000d39ffff0|
|  58|0x00000000d3a00000, 0x00000000d3b00000, 0x00000000d3b00000|100%| O|  |TS  0|AC  0|TAMS 0x00000000d3b00000, 0x00000000d3b00000|
|  59|0x00000000d3b00000, 0x00000000d3bffff0, 0x00000000d3c00000| 99%| O|  |TS  0|AC  0|TAMS 0x00000000d3bffff0, 0x00000000d3bffff0|
|  60|0x00000000d3c00000, 0x00000000d3c0e478, 0x00000000d3d00000|  5%| O|  |TS  0|AC  0|TAMS 0x00000000d3c0e478, 0x00000000d3c0e478|
|  61|0x00000000d3d00000, 0x00000000d3d00000, 0x00000000d3e00000|  0%| F|  |TS  1|AC  0|TAMS 0x00000000d3d00000, 0x00000000d3d00000|
|  62|0x00000000d3e00000, 0x00000000d3e00000, 0x00000000d3f00000|  0%| F|  |TS  1|AC  0|TAMS 0x00000000d3e00000, 0x00000000d3e00000|
|  63|0x00000000d3f00000, 0x00000000d3f00000, 0x00000000d4000000|  0%| F|  |TS  1|AC  0|TAMS 0x00000000d3f00000, 0x00000000d3f00000|
|  64|0x00000000d4000000, 0x00000000d4000000, 0x00000000d4100000|  0%| F|  |TS  1|AC  0|TAMS 0x00000000d4000000, 0x00000000d4000000|
|  65|0x00000000d4100000, 0x00000000d4200000, 0x00000000d4200000|100%| O|  |TS  1|AC  0|TAMS 0x00000000d4100000, 0x00000000d4100000|
|  66|0x00000000d4200000, 0x00000000d4300000, 0x00000000d4300000|100%| O|  |TS  1|AC  0|TAMS 0x00000000d4200000, 0x00000000d4200000|
|  67|0x00000000d4300000, 0x00000000d4400000, 0x00000000d4400000|100%| O|  |TS  1|AC  0|TAMS 0x00000000d4300000, 0x00000000d4300000|
|  68|0x00000000d4400000, 0x00000000d4500000, 0x00000000d4500000|100%| O|  |TS  1|AC  0|TAMS 0x00000000d4400000, 0x00000000d4400000|
|  69|0x00000000d4500000, 0x00000000d4538600, 0x00000000d4600000| 22%| O|  |TS  1|AC  0|TAMS 0x00000000d4500000, 0x00000000d4500000|
|  70|0x00000000d4600000, 0x00000000d4600000, 0x00000000d4700000|  0%| F|  |TS  0|AC  0|TAMS 0x00000000d4600000, 0x00000000d4600000|
|  71|0x00000000d4700000, 0x00000000d4700000, 0x00000000d4800000|  0%| F|  |TS  0|AC  0|TAMS 0x00000000d4700000, 0x00000000d4700000|
|  72|0x00000000d4800000, 0x00000000d4800000, 0x00000000d4900000|  0%| F|  |TS  0|AC  0|TAMS 0x00000000d4800000, 0x00000000d4800000|
|  73|0x00000000d4900000, 0x00000000d4900000, 0x00000000d4a00000|  0%| F|  |TS  0|AC  0|TAMS 0x00000000d4900000, 0x00000000d4900000|
|  74|0x00000000d4a00000, 0x00000000d4a00000, 0x00000000d4b00000|  0%| F|  |TS  0|AC  0|TAMS 0x00000000d4a00000, 0x00000000d4a00000|
|  75|0x00000000d4b00000, 0x00000000d4b00000, 0x00000000d4c00000|  0%| F|  |TS  0|AC  0|TAMS 0x00000000d4b00000, 0x00000000d4b00000|
|  76|0x00000000d4c00000, 0x00000000d4c00000, 0x00000000d4d00000|  0%| F|  |TS  0|AC  0|TAMS 0x00000000d4c00000, 0x00000000d4c00000|
|  77|0x00000000d4d00000, 0x00000000d4d00000, 0x00000000d4e00000|  0%| F|  |TS  0|AC  0|TAMS 0x00000000d4d00000, 0x00000000d4d00000|
|  78|0x00000000d4e00000, 0x00000000d4e00000, 0x00000000d4f00000|  0%| F|  |TS  0|AC  0|TAMS 0x00000000d4e00000, 0x00000000d4e00000|
|  79|0x00000000d4f00000, 0x00000000d4f00000, 0x00000000d5000000|  0%| F|  |TS  0|AC  0|TAMS 0x00000000d4f00000, 0x00000000d4f00000|
|  80|0x00000000d5000000, 0x00000000d5000000, 0x00000000d5100000|  0%| F|  |TS  0|AC  0|TAMS 0x00000000d5000000, 0x00000000d5000000|
|  81|0x00000000d5100000, 0x00000000d5100000, 0x00000000d5200000|  0%| F|  |TS  0|AC  0|TAMS 0x00000000d5100000, 0x00000000d5100000|
|  82|0x00000000d5200000, 0x00000000d5200000, 0x00000000d5300000|  0%| F|  |TS  0|AC  0|TAMS 0x00000000d5200000, 0x00000000d5200000|
|  83|0x00000000d5300000, 0x00000000d5300000, 0x00000000d5400000|  0%| F|  |TS  0|AC  0|TAMS 0x00000000d5300000, 0x00000000d5300000|
|  84|0x00000000d5400000, 0x00000000d5400000, 0x00000000d5500000|  0%| F|  |TS  0|AC  0|TAMS 0x00000000d5400000, 0x00000000d5400000|
|  85|0x00000000d5500000, 0x00000000d5500000, 0x00000000d5600000|  0%| F|  |TS  0|AC  0|TAMS 0x00000000d5500000, 0x00000000d5500000|
|  86|0x00000000d5600000, 0x00000000d5600000, 0x00000000d5700000|  0%| F|  |TS  0|AC  0|TAMS 0x00000000d5600000, 0x00000000d5600000|
|  87|0x00000000d5700000, 0x00000000d5700000, 0x00000000d5800000|  0%| F|  |TS  0|AC  0|TAMS 0x00000000d5700000, 0x00000000d5700000|
|  88|0x00000000d5800000, 0x00000000d5800000, 0x00000000d5900000|  0%| F|  |TS  0|AC  0|TAMS 0x00000000d5800000, 0x00000000d5800000|
|  89|0x00000000d5900000, 0x00000000d5900000, 0x00000000d5a00000|  0%| F|  |TS  0|AC  0|TAMS 0x00000000d5900000, 0x00000000d5900000|
|  90|0x00000000d5a00000, 0x00000000d5a00000, 0x00000000d5b00000|  0%| F|  |TS  0|AC  0|TAMS 0x00000000d5a00000, 0x00000000d5a00000|
|  91|0x00000000d5b00000, 0x00000000d5b00000, 0x00000000d5c00000|  0%| F|  |TS  0|AC  0|TAMS 0x00000000d5b00000, 0x00000000d5b00000|
|  92|0x00000000d5c00000, 0x00000000d5c00000, 0x00000000d5d00000|  0%| F|  |TS  0|AC  0|TAMS 0x00000000d5c00000, 0x00000000d5c00000|
|  93|0x00000000d5d00000, 0x00000000d5d00000, 0x00000000d5e00000|  0%| F|  |TS  0|AC  0|TAMS 0x00000000d5d00000, 0x00000000d5d00000|
|  94|0x00000000d5e00000, 0x00000000d5e00000, 0x00000000d5f00000|  0%| F|  |TS  0|AC  0|TAMS 0x00000000d5e00000, 0x00000000d5e00000|
|  95|0x00000000d5f00000, 0x00000000d5f00000, 0x00000000d6000000|  0%| F|  |TS  0|AC  0|TAMS 0x00000000d5f00000, 0x00000000d5f00000|
|  96|0x00000000d6000000, 0x00000000d6000000, 0x00000000d6100000|  0%| F|  |TS  0|AC  0|TAMS 0x00000000d6000000, 0x00000000d6000000|
|  97|0x00000000d6100000, 0x00000000d6100000, 0x00000000d6200000|  0%| F|  |TS  0|AC  0|TAMS 0x00000000d6100000, 0x00000000d6100000|
|  98|0x00000000d6200000, 0x00000000d6200000, 0x00000000d6300000|  0%| F|  |TS  0|AC  0|TAMS 0x00000000d6200000, 0x00000000d6200000|
|  99|0x00000000d6300000, 0x00000000d6300000, 0x00000000d6400000|  0%| F|  |TS  0|AC  0|TAMS 0x00000000d6300000, 0x00000000d6300000|
| 100|0x00000000d6400000, 0x00000000d6400000, 0x00000000d6500000|  0%| F|  |TS  0|AC  0|TAMS 0x00000000d6400000, 0x00000000d6400000|
| 101|0x00000000d6500000, 0x00000000d6500000, 0x00000000d6600000|  0%| F|  |TS  0|AC  0|TAMS 0x00000000d6500000, 0x00000000d6500000|
| 102|0x00000000d6600000, 0x00000000d6600000, 0x00000000d6700000|  0%| F|  |TS  0|AC  0|TAMS 0x00000000d6600000, 0x00000000d6600000|
| 103|0x00000000d6700000, 0x00000000d6700000, 0x00000000d6800000|  0%| F|  |TS  0|AC  0|TAMS 0x00000000d6700000, 0x00000000d6700000|
| 104|0x00000000d6800000, 0x00000000d6800000, 0x00000000d6900000|  0%| F|  |TS  0|AC  0|TAMS 0x00000000d6800000, 0x00000000d6800000|
| 105|0x00000000d6900000, 0x00000000d6900000, 0x00000000d6a00000|  0%| F|  |TS  0|AC  0|TAMS 0x00000000d6900000, 0x00000000d6900000|
| 106|0x00000000d6a00000, 0x00000000d6a00000, 0x00000000d6b00000|  0%| F|  |TS  0|AC  0|TAMS 0x00000000d6a00000, 0x00000000d6a00000|
| 107|0x00000000d6b00000, 0x00000000d6b00000, 0x00000000d6c00000|  0%| F|  |TS  0|AC  0|TAMS 0x00000000d6b00000, 0x00000000d6b00000|
| 108|0x00000000d6c00000, 0x00000000d6c00000, 0x00000000d6d00000|  0%| F|  |TS  0|AC  0|TAMS 0x00000000d6c00000, 0x00000000d6c00000|
| 109|0x00000000d6d00000, 0x00000000d6d00000, 0x00000000d6e00000|  0%| F|  |TS  0|AC  0|TAMS 0x00000000d6d00000, 0x00000000d6d00000|
| 110|0x00000000d6e00000, 0x00000000d6e00000, 0x00000000d6f00000|  0%| F|  |TS  0|AC  0|TAMS 0x00000000d6e00000, 0x00000000d6e00000|
| 111|0x00000000d6f00000, 0x00000000d6f00000, 0x00000000d7000000|  0%| F|  |TS  0|AC  0|TAMS 0x00000000d6f00000, 0x00000000d6f00000|
| 112|0x00000000d7000000, 0x00000000d7000000, 0x00000000d7100000|  0%| F|  |TS  0|AC  0|TAMS 0x00000000d7000000, 0x00000000d7000000|
| 113|0x00000000d7100000, 0x00000000d7100000, 0x00000000d7200000|  0%| F|  |TS  0|AC  0|TAMS 0x00000000d7100000, 0x00000000d7100000|
| 114|0x00000000d7200000, 0x00000000d7200000, 0x00000000d7300000|  0%| F|  |TS  0|AC  0|TAMS 0x00000000d7200000, 0x00000000d7200000|
| 115|0x00000000d7300000, 0x00000000d7300000, 0x00000000d7400000|  0%| F|  |TS  0|AC  0|TAMS 0x00000000d7300000, 0x00000000d7300000|
| 116|0x00000000d7400000, 0x00000000d7400000, 0x00000000d7500000|  0%| F|  |TS  0|AC  0|TAMS 0x00000000d7400000, 0x00000000d7400000|
| 117|0x00000000d7500000, 0x00000000d7500000, 0x00000000d7600000|  0%| F|  |TS  0|AC  0|TAMS 0x00000000d7500000, 0x00000000d7500000|
| 118|0x00000000d7600000, 0x00000000d7600000, 0x00000000d7700000|  0%| F|  |TS  0|AC  0|TAMS 0x00000000d7600000, 0x00000000d7600000|
| 119|0x00000000d7700000, 0x00000000d7700000, 0x00000000d7800000|  0%| F|  |TS  0|AC  0|TAMS 0x00000000d7700000, 0x00000000d7700000|
| 120|0x00000000d7800000, 0x00000000d7800000, 0x00000000d7900000|  0%| F|  |TS  0|AC  0|TAMS 0x00000000d7800000, 0x00000000d7800000|
| 121|0x00000000d7900000, 0x00000000d7900000, 0x00000000d7a00000|  0%| F|  |TS  0|AC  0|TAMS 0x00000000d7900000, 0x00000000d7900000|
| 122|0x00000000d7a00000, 0x00000000d7a00000, 0x00000000d7b00000|  0%| F|  |TS  0|AC  0|TAMS 0x00000000d7a00000, 0x00000000d7a00000|
| 123|0x00000000d7b00000, 0x00000000d7b00000, 0x00000000d7c00000|  0%| F|  |TS  0|AC  0|TAMS 0x00000000d7b00000, 0x00000000d7b00000|
| 124|0x00000000d7c00000, 0x00000000d7c00000, 0x00000000d7d00000|  0%| F|  |TS  0|AC  0|TAMS 0x00000000d7c00000, 0x00000000d7c00000|
| 125|0x00000000d7d00000, 0x00000000d7d00000, 0x00000000d7e00000|  0%| F|  |TS  0|AC  0|TAMS 0x00000000d7d00000, 0x00000000d7d00000|
| 126|0x00000000d7e00000, 0x00000000d7e00000, 0x00000000d7f00000|  0%| F|  |TS  0|AC  0|TAMS 0x00000000d7e00000, 0x00000000d7e00000|
| 127|0x00000000d7f00000, 0x00000000d7f00000, 0x00000000d8000000|  0%| F|  |TS  0|AC  0|TAMS 0x00000000d7f00000, 0x00000000d7f00000|
| 128|0x00000000d8000000, 0x00000000d8000000, 0x00000000d8100000|  0%| F|  |TS  0|AC  0|TAMS 0x00000000d8000000, 0x00000000d8000000|
| 129|0x00000000d8100000, 0x00000000d8100000, 0x00000000d8200000|  0%| F|  |TS  0|AC  0|TAMS 0x00000000d8100000, 0x00000000d8100000|
| 130|0x00000000d8200000, 0x00000000d8300000, 0x00000000d8300000|100%| S|CS|TS  1|AC  0|TAMS 0x00000000d8200000, 0x00000000d8200000|
| 131|0x00000000d8300000, 0x00000000d8400000, 0x00000000d8400000|100%| S|CS|TS  1|AC  0|TAMS 0x00000000d8300000, 0x00000000d8300000|
| 132|0x00000000d8400000, 0x00000000d8500000, 0x00000000d8500000|100%| S|CS|TS  1|AC  0|TAMS 0x00000000d8400000, 0x00000000d8400000|
| 133|0x00000000d8500000, 0x00000000d8600000, 0x00000000d8600000|100%| S|CS|TS  1|AC  0|TAMS 0x00000000d8500000, 0x00000000d8500000|
| 134|0x00000000d8600000, 0x00000000d8700000, 0x00000000d8700000|100%| S|CS|TS  1|AC  0|TAMS 0x00000000d8600000, 0x00000000d8600000|
| 135|0x00000000d8700000, 0x00000000d8800000, 0x00000000d8800000|100%| S|CS|TS  1|AC  0|TAMS 0x00000000d8700000, 0x00000000d8700000|
| 136|0x00000000d8800000, 0x00000000d8900000, 0x00000000d8900000|100%| S|CS|TS  1|AC  0|TAMS 0x00000000d8800000, 0x00000000d8800000|
| 137|0x00000000d8900000, 0x00000000d8900000, 0x00000000d8a00000|  0%| F|  |TS  1|AC  0|TAMS 0x00000000d8900000, 0x00000000d8900000|
| 138|0x00000000d8a00000, 0x00000000d8a00000, 0x00000000d8b00000|  0%| F|  |TS  1|AC  0|TAMS 0x00000000d8a00000, 0x00000000d8a00000|
| 139|0x00000000d8b00000, 0x00000000d8b00000, 0x00000000d8c00000|  0%| F|  |TS  1|AC  0|TAMS 0x00000000d8b00000, 0x00000000d8b00000|
| 140|0x00000000d8c00000, 0x00000000d8c00000, 0x00000000d8d00000|  0%| F|  |TS  1|AC  0|TAMS 0x00000000d8c00000, 0x00000000d8c00000|
| 141|0x00000000d8d00000, 0x00000000d8d00000, 0x00000000d8e00000|  0%| F|  |TS  1|AC  0|TAMS 0x00000000d8d00000, 0x00000000d8d00000|
| 142|0x00000000d8e00000, 0x00000000d8e00000, 0x00000000d8f00000|  0%| F|  |TS  1|AC  0|TAMS 0x00000000d8e00000, 0x00000000d8e00000|
| 143|0x00000000d8f00000, 0x00000000d8f00000, 0x00000000d9000000|  0%| F|  |TS  1|AC  0|TAMS 0x00000000d8f00000, 0x00000000d8f00000|
| 144|0x00000000d9000000, 0x00000000d9000000, 0x00000000d9100000|  0%| F|  |TS  1|AC  0|TAMS 0x00000000d9000000, 0x00000000d9000000|
| 145|0x00000000d9100000, 0x00000000d9100000, 0x00000000d9200000|  0%| F|  |TS  1|AC  0|TAMS 0x00000000d9100000, 0x00000000d9100000|
| 146|0x00000000d9200000, 0x00000000d9200000, 0x00000000d9300000|  0%| F|  |TS  1|AC  0|TAMS 0x00000000d9200000, 0x00000000d9200000|
| 147|0x00000000d9300000, 0x00000000d9300000, 0x00000000d9400000|  0%| F|  |TS  1|AC  0|TAMS 0x00000000d9300000, 0x00000000d9300000|
| 148|0x00000000d9400000, 0x00000000d9400000, 0x00000000d9500000|  0%| F|  |TS  1|AC  0|TAMS 0x00000000d9400000, 0x00000000d9400000|
| 149|0x00000000d9500000, 0x00000000d9500000, 0x00000000d9600000|  0%| F|  |TS  1|AC  0|TAMS 0x00000000d9500000, 0x00000000d9500000|
| 150|0x00000000d9600000, 0x00000000d9600000, 0x00000000d9700000|  0%| F|  |TS  1|AC  0|TAMS 0x00000000d9600000, 0x00000000d9600000|
| 151|0x00000000d9700000, 0x00000000d9700000, 0x00000000d9800000|  0%| F|  |TS  1|AC  0|TAMS 0x00000000d9700000, 0x00000000d9700000|
| 152|0x00000000d9800000, 0x00000000d9800000, 0x00000000d9900000|  0%| F|  |TS  1|AC  0|TAMS 0x00000000d9800000, 0x00000000d9800000|
| 153|0x00000000d9900000, 0x00000000d9900000, 0x00000000d9a00000|  0%| F|  |TS  1|AC  0|TAMS 0x00000000d9900000, 0x00000000d9900000|
| 154|0x00000000d9a00000, 0x00000000d9a00000, 0x00000000d9b00000|  0%| F|  |TS  1|AC  0|TAMS 0x00000000d9a00000, 0x00000000d9a00000|
| 155|0x00000000d9b00000, 0x00000000d9b00000, 0x00000000d9c00000|  0%| F|  |TS  1|AC  0|TAMS 0x00000000d9b00000, 0x00000000d9b00000|
| 156|0x00000000d9c00000, 0x00000000d9c00000, 0x00000000d9d00000|  0%| F|  |TS  1|AC  0|TAMS 0x00000000d9c00000, 0x00000000d9c00000|
| 157|0x00000000d9d00000, 0x00000000d9d00000, 0x00000000d9e00000|  0%| F|  |TS  1|AC  0|TAMS 0x00000000d9d00000, 0x00000000d9d00000|
| 158|0x00000000d9e00000, 0x00000000d9e00000, 0x00000000d9f00000|  0%| F|  |TS  1|AC  0|TAMS 0x00000000d9e00000, 0x00000000d9e00000|
| 159|0x00000000d9f00000, 0x00000000d9f00000, 0x00000000da000000|  0%| F|  |TS  1|AC  0|TAMS 0x00000000d9f00000, 0x00000000d9f00000|
| 160|0x00000000da000000, 0x00000000da000000, 0x00000000da100000|  0%| F|  |TS  1|AC  0|TAMS 0x00000000da000000, 0x00000000da000000|
| 161|0x00000000da100000, 0x00000000da100000, 0x00000000da200000|  0%| F|  |TS  1|AC  0|TAMS 0x00000000da100000, 0x00000000da100000|
| 162|0x00000000da200000, 0x00000000da200000, 0x00000000da300000|  0%| F|  |TS  1|AC  0|TAMS 0x00000000da200000, 0x00000000da200000|
| 163|0x00000000da300000, 0x00000000da300000, 0x00000000da400000|  0%| F|  |TS  1|AC  0|TAMS 0x00000000da300000, 0x00000000da300000|
| 164|0x00000000da400000, 0x00000000da400000, 0x00000000da500000|  0%| F|  |TS  1|AC  0|TAMS 0x00000000da400000, 0x00000000da400000|
| 165|0x00000000da500000, 0x00000000da500000, 0x00000000da600000|  0%| F|  |TS  1|AC  0|TAMS 0x00000000da500000, 0x00000000da500000|
| 166|0x00000000da600000, 0x00000000da600000, 0x00000000da700000|  0%| F|  |TS  1|AC  0|TAMS 0x00000000da600000, 0x00000000da600000|
| 167|0x00000000da700000, 0x00000000da700000, 0x00000000da800000|  0%| F|  |TS  1|AC  0|TAMS 0x00000000da700000, 0x00000000da700000|
| 168|0x00000000da800000, 0x00000000da800000, 0x00000000da900000|  0%| F|  |TS  1|AC  0|TAMS 0x00000000da800000, 0x00000000da800000|
| 169|0x00000000da900000, 0x00000000da900000, 0x00000000daa00000|  0%| F|  |TS  1|AC  0|TAMS 0x00000000da900000, 0x00000000da900000|
| 170|0x00000000daa00000, 0x00000000daa00000, 0x00000000dab00000|  0%| F|  |TS  1|AC  0|TAMS 0x00000000daa00000, 0x00000000daa00000|
| 171|0x00000000dab00000, 0x00000000dab00000, 0x00000000dac00000|  0%| F|  |TS  1|AC  0|TAMS 0x00000000dab00000, 0x00000000dab00000|
| 172|0x00000000dac00000, 0x00000000dac00000, 0x00000000dad00000|  0%| F|  |TS  1|AC  0|TAMS 0x00000000dac00000, 0x00000000dac00000|
| 173|0x00000000dad00000, 0x00000000dad00000, 0x00000000dae00000|  0%| F|  |TS  1|AC  0|TAMS 0x00000000dad00000, 0x00000000dad00000|
| 174|0x00000000dae00000, 0x00000000dae00000, 0x00000000daf00000|  0%| F|  |TS  1|AC  0|TAMS 0x00000000dae00000, 0x00000000dae00000|
| 175|0x00000000daf00000, 0x00000000daf00000, 0x00000000db000000|  0%| F|  |TS  1|AC  0|TAMS 0x00000000daf00000, 0x00000000daf00000|
| 176|0x00000000db000000, 0x00000000db000000, 0x00000000db100000|  0%| F|  |TS  1|AC  0|TAMS 0x00000000db000000, 0x00000000db000000|
| 177|0x00000000db100000, 0x00000000db100000, 0x00000000db200000|  0%| F|  |TS  1|AC  0|TAMS 0x00000000db100000, 0x00000000db100000|
| 178|0x00000000db200000, 0x00000000db200000, 0x00000000db300000|  0%| F|  |TS  1|AC  0|TAMS 0x00000000db200000, 0x00000000db200000|
| 179|0x00000000db300000, 0x00000000db300000, 0x00000000db400000|  0%| F|  |TS  1|AC  0|TAMS 0x00000000db300000, 0x00000000db300000|
| 180|0x00000000db400000, 0x00000000db400000, 0x00000000db500000|  0%| F|  |TS  1|AC  0|TAMS 0x00000000db400000, 0x00000000db400000|
| 181|0x00000000db500000, 0x00000000db500000, 0x00000000db600000|  0%| F|  |TS  1|AC  0|TAMS 0x00000000db500000, 0x00000000db500000|
| 182|0x00000000db600000, 0x00000000db600000, 0x00000000db700000|  0%| F|  |TS  1|AC  0|TAMS 0x00000000db600000, 0x00000000db600000|
| 183|0x00000000db700000, 0x00000000db700000, 0x00000000db800000|  0%| F|  |TS  1|AC  0|TAMS 0x00000000db700000, 0x00000000db700000|
| 184|0x00000000db800000, 0x00000000db800000, 0x00000000db900000|  0%| F|  |TS  1|AC  0|TAMS 0x00000000db800000, 0x00000000db800000|
| 185|0x00000000db900000, 0x00000000db900000, 0x00000000dba00000|  0%| F|  |TS  1|AC  0|TAMS 0x00000000db900000, 0x00000000db900000|
| 186|0x00000000dba00000, 0x00000000dba00000, 0x00000000dbb00000|  0%| F|  |TS  1|AC  0|TAMS 0x00000000dba00000, 0x00000000dba00000|
| 187|0x00000000dbb00000, 0x00000000dbb00000, 0x00000000dbc00000|  0%| F|  |TS  1|AC  0|TAMS 0x00000000dbb00000, 0x00000000dbb00000|
| 188|0x00000000dbc00000, 0x00000000dbc00000, 0x00000000dbd00000|  0%| F|  |TS  1|AC  0|TAMS 0x00000000dbc00000, 0x00000000dbc00000|
| 189|0x00000000dbd00000, 0x00000000dbd00000, 0x00000000dbe00000|  0%| F|  |TS  1|AC  0|TAMS 0x00000000dbd00000, 0x00000000dbd00000|
| 190|0x00000000dbe00000, 0x00000000dbe00000, 0x00000000dbf00000|  0%| F|  |TS  1|AC  0|TAMS 0x00000000dbe00000, 0x00000000dbe00000|

Card table byte_map: [0x00007faf60f2a000,0x00007faf610aa000] byte_map_base: 0x00007faf608aa000

Marking Bits (Prev, Next): (CMBitMap*) 0x00007faf5c062f48, (CMBitMap*) 0x00007faf5c062f10
 Prev Bits: [0x00007faf40f43000, 0x00007faf41b43000)
 Next Bits: [0x00007faf601aa000, 0x00007faf60daa000)

Polling page: 0x00007faf65c45000

CodeHeap 'non-profiled nmethods': size=120032Kb used=21138Kb max_used=21138Kb free=98893Kb
 bounds [0x00007faf4960b000, 0x00007faf4aabb000, 0x00007faf50b43000]
CodeHeap 'profiled nmethods': size=120032Kb used=48522Kb max_used=48522Kb free=71510Kb
 bounds [0x00007faf420d3000, 0x00007faf450d3000, 0x00007faf4960b000]
CodeHeap 'non-nmethods': size=5696Kb used=1521Kb max_used=1710Kb free=4174Kb
 bounds [0x00007faf41b43000, 0x00007faf41db3000, 0x00007faf420d3000]
 total_blobs=38227 nmethods=22321 adapters=674
 compilation: enabled

Compilation events (10 events):
Event: 6529,322 Thread 0x00007faf5c18c800 29948       3       akka.parboiled2.CharPredicate$ApplyMagnet$::$anonfun$fromChars$1$adapted (11 bytes)
Event: 6529,322 Thread 0x00007faf5c18c800 nmethod 29948 0x00007faf444f2610 code [0x00007faf444f2800, 0x00007faf444f2e50]
Event: 6529,322 Thread 0x00007faf5c18c800 29936       3       akka.parboiled2.CharPredicate$MaskBased$$Lambda$5326/611833613::get$Lambda (10 bytes)
Event: 6529,322 Thread 0x00007faf5c18c800 nmethod 29936 0x00007faf44477e10 code [0x00007faf44477fe0, 0x00007faf444782f0]
Event: 6529,322 Thread 0x00007faf5c18c800 29949       3       akka.parboiled2.CharPredicate$MaskBased::$anonfun$$plus$plus$1 (297 bytes)
Event: 6529,325 Thread 0x00007faf5c18c800 nmethod 29949 0x00007faf450cbe90 code [0x00007faf450cc300, 0x00007faf450cf288]
Event: 6529,325 Thread 0x00007faf5c18c800 29950       3       akka.parboiled2.CharPredicate::$plus$plus (17 bytes)
Event: 6529,326 Thread 0x00007faf5c18c800 nmethod 29950 0x00007faf44745210 code [0x00007faf44745420, 0x00007faf44745b38]
Event: 6529,326 Thread 0x00007faf5c18c800 29951       1       akka.parboiled2.CharPredicate$::Empty (5 bytes)
Event: 6529,326 Thread 0x00007faf5c18c800 nmethod 29951 0x00007faf4aab2090 code [0x00007faf4aab2240, 0x00007faf4aab2350]

GC Heap History (10 events):
Event: 6520,579 GC heap after
{Heap after GC invocations=174 (full 50):
 garbage-first heap   total 195584K, used 97791K [0x00000000d0000000, 0x00000000d01005f8, 0x0000000100000000)
  region size 1024K, 2 young (2048K), 2 survivors (2048K)
 Metaspace       used 119664K, capacity 133940K, committed 134528K, reserved 1169408K
  class space    used 14176K, capacity 14976K, committed 15232K, reserved 1048576K
}
Event: 6521,152 GC heap before
{Heap before GC invocations=174 (full 50):
 garbage-first heap   total 195584K, used 110079K [0x00000000d0000000, 0x00000000d01005f8, 0x0000000100000000)
  region size 1024K, 15 young (15360K), 2 survivors (2048K)
 Metaspace       used 119706K, capacity 133988K, committed 134528K, reserved 1169408K
  class space    used 14183K, capacity 14984K, committed 15232K, reserved 1048576K
}
Event: 6521,592 GC heap after
{Heap after GC invocations=175 (full 51):
 garbage-first heap   total 195584K, used 61341K [0x00000000d0000000, 0x00000000d01005f8, 0x0000000100000000)
  region size 1024K, 0 young (0K), 0 survivors (0K)
 Metaspace       used 119706K, capacity 133988K, committed 134528K, reserved 1169408K
  class space    used 14183K, capacity 14984K, committed 15232K, reserved 1048576K
}
Event: 6521,864 GC heap before
{Heap before GC invocations=175 (full 51):
 garbage-first heap   total 195584K, used 61341K [0x00000000d0000000, 0x00000000d01005f8, 0x0000000100000000)
  region size 1024K, 1 young (1024K), 0 survivors (0K)
 Metaspace       used 119713K, capacity 133988K, committed 134528K, reserved 1169408K
  class space    used 14183K, capacity 14984K, committed 15232K, reserved 1048576K
}
Event: 6522,240 GC heap after
{Heap after GC invocations=176 (full 52):
 garbage-first heap   total 195584K, used 61306K [0x00000000d0000000, 0x00000000d01005f8, 0x0000000100000000)
  region size 1024K, 0 young (0K), 0 survivors (0K)
 Metaspace       used 119713K, capacity 133988K, committed 134528K, reserved 1169408K
  class space    used 14183K, capacity 14984K, committed 15232K, reserved 1048576K
}
Event: 6522,514 GC heap before
{Heap before GC invocations=176 (full 52):
 garbage-first heap   total 195584K, used 82810K [0x00000000d0000000, 0x00000000d01005f8, 0x0000000100000000)
  region size 1024K, 22 young (22528K), 0 survivors (0K)
 Metaspace       used 119720K, capacity 134052K, committed 134528K, reserved 1169408K
  class space    used 14183K, capacity 14984K, committed 15232K, reserved 1048576K
}
Event: 6522,520 GC heap after
{Heap after GC invocations=177 (full 52):
 garbage-first heap   total 195584K, used 62182K [0x00000000d0000000, 0x00000000d01005f8, 0x0000000100000000)
  region size 1024K, 1 young (1024K), 1 survivors (1024K)
 Metaspace       used 119720K, capacity 134052K, committed 134528K, reserved 1169408K
  class space    used 14183K, capacity 14984K, committed 15232K, reserved 1048576K
}
Event: 6522,611 GC heap before
{Heap before GC invocations=177 (full 52):
 garbage-first heap   total 195584K, used 103142K [0x00000000d0000000, 0x00000000d01005f8, 0x0000000100000000)
  region size 1024K, 37 young (37888K), 1 survivors (1024K)
 Metaspace       used 119720K, capacity 134052K, committed 134528K, reserved 1169408K
  class space    used 14183K, capacity 14984K, committed 15232K, reserved 1048576K
}
Event: 6522,629 GC heap after
{Heap after GC invocations=178 (full 52):
 garbage-first heap   total 195584K, used 64817K [0x00000000d0000000, 0x00000000d01005f8, 0x0000000100000000)
  region size 1024K, 4 young (4096K), 4 survivors (4096K)
 Metaspace       used 119720K, capacity 134052K, committed 134528K, reserved 1169408K
  class space    used 14183K, capacity 14984K, committed 15232K, reserved 1048576K
}
Event: 6529,334 GC heap before
{Heap before GC invocations=179 (full 52):
 garbage-first heap   total 195584K, used 120113K [0x00000000d0000000, 0x00000000d01005f8, 0x0000000100000000)
  region size 1024K, 54 young (55296K), 4 survivors (4096K)
 Metaspace       used 127276K, capacity 142416K, committed 142464K, reserved 1175552K
  class space    used 15077K, capacity 15954K, committed 16000K, reserved 1048576K
}

Deoptimization events (10 events):
Event: 6528,892 Thread 0x00007faef036b000 Uncommon trap: reason=speculate_class_check action=maybe_recompile pc=0x00007faf49e9c1f4 method=scala.collection.immutable.HashSet.contains(Ljava/lang/Object;)Z @ 8 c2
Event: 6528,893 Thread 0x00007faef036b000 Uncommon trap: reason=speculate_class_check action=maybe_recompile pc=0x00007faf49e9c1f4 method=scala.collection.immutable.HashSet.contains(Ljava/lang/Object;)Z @ 8 c2
Event: 6528,894 Thread 0x00007faef0371800 Uncommon trap: reason=speculate_class_check action=maybe_recompile pc=0x00007faf49e9c1f4 method=scala.collection.immutable.HashSet.contains(Ljava/lang/Object;)Z @ 8 c2
Event: 6528,913 Thread 0x00007faef5437000 Uncommon trap: reason=unstable_if action=reinterpret pc=0x00007faf4a296218 method=java.util.concurrent.locks.AbstractQueuedSynchronizer.unparkSuccessor(Ljava/util/concurrent/locks/AbstractQueuedSynchronizer$Node;)V @ 6 c2
Event: 6529,106 Thread 0x00007faee4013800 Uncommon trap: reason=bimorphic_or_optimized_type_check action=maybe_recompile pc=0x00007faf4a1e1850 method=java.util.regex.Matcher.getTextLength()I @ 4 c2
Event: 6529,106 Thread 0x00007faee4013800 Uncommon trap: reason=bimorphic_or_optimized_type_check action=maybe_recompile pc=0x00007faf4a1e1850 method=java.util.regex.Matcher.getTextLength()I @ 4 c2
Event: 6529,109 Thread 0x00007faee4013800 Uncommon trap: reason=bimorphic_or_optimized_type_check action=maybe_recompile pc=0x00007faf4a1e1850 method=java.util.regex.Matcher.getTextLength()I @ 4 c2
Event: 6529,112 Thread 0x00007faee4013800 Uncommon trap: reason=bimorphic_or_optimized_type_check action=maybe_recompile pc=0x00007faf4a1e1850 method=java.util.regex.Matcher.getTextLength()I @ 4 c2
Event: 6529,112 Thread 0x00007faee4013800 Uncommon trap: reason=bimorphic_or_optimized_type_check action=maybe_recompile pc=0x00007faf4a1e388c method=java.util.regex.Matcher.getTextLength()I @ 4 c2
Event: 6529,112 Thread 0x00007faee4013800 Uncommon trap: reason=bimorphic_or_optimized_type_check action=maybe_recompile pc=0x00007faf4a1de410 method=java.util.regex.Matcher.getTextLength()I @ 4 c2

Classes redefined (0 events):
No events

Internal exceptions (10 events):
Event: 6528,914 Thread 0x00007faee4013800 Exception <a 'java/lang/NoSuchMethodError'{0x00000000d9b43720}: java.lang.Object.$anonfun$addLogger$2$adapted(Lakka/event/LoggingBus;Lakka/actor/ActorRef;Ljava/lang/Object;)Ljava/lang/Object;> (0x00000000d9b43720) thrown at [/scratch/opt/mach5/mesos/work_
Event: 6528,916 Thread 0x00007faee4013800 Exception <a 'java/lang/NoSuchMethodError'{0x00000000d9b53fe8}: java.lang.Object.$anonfun$startDefaultLoggers$5(Lakka/event/LoggingBus;ILscala/collection/immutable/Seq;)V> (0x00000000d9b53fe8) thrown at [/scratch/opt/mach5/mesos/work_dir/slaves/5af44a71-9
Event: 6528,918 Thread 0x00007faee4013800 Exception <a 'java/lang/NoSuchMethodError'{0x00000000d9b605d0}: java.lang.Object.$anonfun$removeFromCache$1(Lscala/collection/immutable/Map;Lscala/Tuple2;)Lscala/collection/immutable/Map;> (0x00000000d9b605d0) thrown at [/scratch/opt/mach5/mesos/work_dir/
Event: 6528,918 Thread 0x00007faee4013800 Exception <a 'java/lang/NoSuchMethodError'{0x00000000d9b643e8}: java.lang.Object.$anonfun$removeFromCache$2()Lscala/collection/immutable/Set;> (0x00000000d9b643e8) thrown at [/scratch/opt/mach5/mesos/work_dir/slaves/5af44a71-976a-41b7-81de-5773b84ec572-S3
Event: 6528,979 Thread 0x00007faee4013800 Exception <a 'java/lang/NoClassDefFoundError'{0x00000000d95216b8}: org/slf4j/impl/StaticLoggerBinder> (0x00000000d95216b8) thrown at [/scratch/opt/mach5/mesos/work_dir/slaves/5af44a71-976a-41b7-81de-5773b84ec572-S39643/frameworks/1735e8a2-a1db-478c-8104-6
Event: 6529,102 Thread 0x00007faee4013800 Exception <a 'java/lang/NoSuchMethodError'{0x00000000d9197af8}: java.lang.Object.$anonfun$phrase$1(Lscala/util/parsing/combinator/RegexParsers;)Lscala/util/parsing/combinator/Parsers$Parser;> (0x00000000d9197af8) thrown at [/scratch/opt/mach5/mesos/work_d
Event: 6529,108 Thread 0x00007faee4013800 Exception <a 'java/lang/NoSuchMethodError'{0x00000000d91c6e40}: java.lang.Object.$anonfun$opt$1(Ljava/lang/Object;)Lscala/Some;> (0x00000000d91c6e40) thrown at [/scratch/opt/mach5/mesos/work_dir/slaves/5af44a71-976a-41b7-81de-5773b84ec572-S39643/framework
Event: 6529,108 Thread 0x00007faee4013800 Exception <a 'java/lang/NoSuchMethodError'{0x00000000d91ca978}: java.lang.Object.$anonfun$opt$2(Lscala/util/parsing/combinator/Parsers;)Lscala/util/parsing/combinator/Parsers$Parser;> (0x00000000d91ca978) thrown at [/scratch/opt/mach5/mesos/work_dir/slave
Event: 6529,111 Thread 0x00007faee4013800 Exception <a 'java/lang/NoSuchMethodError'{0x00000000d91e37b8}: java.lang.Object.$anonfun$success$1(Lscala/util/parsing/combinator/Parsers;Ljava/lang/Object;Lscala/util/parsing/input/Reader;)Lscala/util/parsing/combinator/Parsers$Success;> (0x00000000d91e
Event: 6529,291 Thread 0x00007faee4013800 Exception <a 'java/lang/NoSuchMethodError'{0x00000000d8ac0b48}: java.lang.Object.$anonfun$getEncoding$1(Ljava/lang/String;)Lakka/http/scaladsl/model/headers/HttpEncodingRange;> (0x00000000d8ac0b48) thrown at [/scratch/opt/mach5/mesos/work_dir/slaves/5af44

Events (10 events):
Event: 6529,327 Thread 0x00007faee4013800 DEOPT UNPACKING pc=0x00007faf41b90aab sp=0x00007faed856d5d0 mode 1
Event: 6529,327 Thread 0x00007faee4013800 DEOPT PACKING pc=0x00007faf4a157ccc sp=0x00007faed856e170
Event: 6529,327 Thread 0x00007faee4013800 DEOPT UNPACKING pc=0x00007faf41b90aab sp=0x00007faed856d638 mode 1
Event: 6529,327 Thread 0x00007faee4013800 DEOPT PACKING pc=0x00007faf4a0379e8 sp=0x00007faed856e210
Event: 6529,327 Thread 0x00007faee4013800 DEOPT UNPACKING pc=0x00007faf41b90aab sp=0x00007faed856d6d0 mode 1
Event: 6529,327 Thread 0x00007faee4013800 DEOPT PACKING pc=0x00007faf4a157ccc sp=0x00007faed856e260
Event: 6529,327 Thread 0x00007faee4013800 DEOPT UNPACKING pc=0x00007faf41b90aab sp=0x00007faed856d728 mode 1
Event: 6529,327 Thread 0x00007faee4013800 DEOPT PACKING pc=0x00007faf4a157ccc sp=0x00007faed856e300
Event: 6529,327 Thread 0x00007faee4013800 DEOPT UNPACKING pc=0x00007faf41b90aab sp=0x00007faed856d7c8 mode 1
Event: 6529,328 Executing VM operation: G1IncCollectionPause


Dynamic libraries:
00400000-00401000 r-xp 00000000 08:06 936351                             /usr/lib/jvm/java-9-oracle/bin/java
00600000-00601000 rw-p 00000000 08:06 936351                             /usr/lib/jvm/java-9-oracle/bin/java
0239d000-0240a000 rw-p 00000000 00:00 0                                  [heap]
d0000000-dbf00000 rw-p 00000000 00:00 0 
e6600000-100000000 ---p 00000000 00:00 0 
100000000-100fa0000 rw-p 00000000 00:00 0 
100fa0000-140000000 ---p 00000000 00:00 0 
7faebb3fe000-7faebb57e000 rw-p 00000000 00:00 0 
7faebb57e000-7faebb5fe000 ---p 00000000 00:00 0 
7faebb5fe000-7faebb7fe000 rw-p 00000000 00:00 0 
7faebb7fe000-7faebb802000 ---p 00000000 00:00 0 
7faebb802000-7faebb8ff000 rw-p 00000000 00:00 0 
7faebb8ff000-7faebb903000 ---p 00000000 00:00 0 
7faebb903000-7faebbc00000 rw-p 00000000 00:00 0 
7faebbc00000-7faebbe00000 rw-p 00000000 00:00 0 
7faebbe00000-7faebc000000 rw-p 00000000 00:00 0 
7faebc000000-7faebc20d000 rw-p 00000000 00:00 0 
7faebc20d000-7faec0000000 ---p 00000000 00:00 0 
7faec007d000-7faec0081000 ---p 00000000 00:00 0 
7faec0081000-7faec037e000 rw-p 00000000 00:00 0 
7faec037e000-7faec057e000 rw-p 00000000 00:00 0 
7faec057e000-7faec077e000 rw-p 00000000 00:00 0 
7faec077e000-7faec097e000 rw-p 00000000 00:00 0 
7faec097e000-7faec0b7e000 rw-p 00000000 00:00 0 
7faec0b7e000-7faec0d7e000 rw-p 00000000 00:00 0 
7faec0d7e000-7faec0f7e000 rw-p 00000000 00:00 0 
7faec0f7e000-7faec0f82000 ---p 00000000 00:00 0 
7faec0f82000-7faec107f000 rw-p 00000000 00:00 0 
7faec107f000-7faec1083000 ---p 00000000 00:00 0 
7faec1083000-7faec1380000 rw-p 00000000 00:00 0 
7faec1380000-7faec1397000 r-xp 00000000 08:06 3546006                    /lib/x86_64-linux-gnu/libresolv-2.23.so
7faec1397000-7faec1597000 ---p 00017000 08:06 3546006                    /lib/x86_64-linux-gnu/libresolv-2.23.so
7faec1597000-7faec1598000 r--p 00017000 08:06 3546006                    /lib/x86_64-linux-gnu/libresolv-2.23.so
7faec1598000-7faec1599000 rw-p 00018000 08:06 3546006                    /lib/x86_64-linux-gnu/libresolv-2.23.so
7faec1599000-7faec159b000 rw-p 00000000 00:00 0 
7faec159b000-7faec15a0000 r-xp 00000000 08:06 3546018                    /lib/x86_64-linux-gnu/libnss_dns-2.23.so
7faec15a0000-7faec17a0000 ---p 00005000 08:06 3546018                    /lib/x86_64-linux-gnu/libnss_dns-2.23.so
7faec17a0000-7faec17a1000 r--p 00005000 08:06 3546018                    /lib/x86_64-linux-gnu/libnss_dns-2.23.so
7faec17a1000-7faec17a2000 rw-p 00006000 08:06 3546018                    /lib/x86_64-linux-gnu/libnss_dns-2.23.so
7faec17a2000-7faec17a4000 r-xp 00000000 08:06 3543837                    /lib/x86_64-linux-gnu/libnss_mdns4_minimal.so.2
7faec17a4000-7faec19a3000 ---p 00002000 08:06 3543837                    /lib/x86_64-linux-gnu/libnss_mdns4_minimal.so.2
7faec19a3000-7faec19a4000 r--p 00001000 08:06 3543837                    /lib/x86_64-linux-gnu/libnss_mdns4_minimal.so.2
7faec19a4000-7faec19a5000 rw-p 00002000 08:06 3543837                    /lib/x86_64-linux-gnu/libnss_mdns4_minimal.so.2
7faec19a5000-7faec1ba5000 rw-p 00000000 00:00 0 
7faec1ba5000-7faec1be2000 r-xp 00000000 08:06 936570                     /usr/lib/jvm/java-9-oracle/lib/libsunec.so
7faec1be2000-7faec1de2000 ---p 0003d000 08:06 936570                     /usr/lib/jvm/java-9-oracle/lib/libsunec.so
7faec1de2000-7faec1de9000 rw-p 0003d000 08:06 936570                     /usr/lib/jvm/java-9-oracle/lib/libsunec.so
7faec1de9000-7faec1ffa000 rw-p 00000000 00:00 0 
7faec1ffa000-7faec21fa000 rw-p 00000000 00:00 0 
7faec21fa000-7faec23fa000 rw-p 00000000 00:00 0 
7faec23fa000-7faec25fa000 rw-p 00000000 00:00 0 
7faec25fa000-7faec27fa000 rw-p 00000000 00:00 0 
7faec27fa000-7faec29fa000 rw-p 00000000 00:00 0 
7faec29fa000-7faec29fe000 ---p 00000000 00:00 0 
7faec29fe000-7faec2cfb000 rw-p 00000000 00:00 0 
7faec2cfb000-7faec2efb000 rw-p 00000000 00:00 0 
7faec2efb000-7faec2eff000 ---p 00000000 00:00 0 
7faec2eff000-7faec2ffc000 rw-p 00000000 00:00 0 
7faec2ffc000-7faec3000000 ---p 00000000 00:00 0 
7faec3000000-7faec30fd000 rw-p 00000000 00:00 0 
7faec30fd000-7faec3101000 ---p 00000000 00:00 0 
7faec3101000-7faec31fe000 rw-p 00000000 00:00 0 
7faec31fe000-7faec3202000 ---p 00000000 00:00 0 
7faec3202000-7faec34ff000 rw-p 00000000 00:00 0 
7faec34ff000-7faec36ff000 rw-p 00000000 00:00 0 
7faec36ff000-7faec38ff000 rw-p 00000000 00:00 0 
7faec38ff000-7faec3aff000 rw-p 00000000 00:00 0 
7faec3aff000-7faec3cff000 rw-p 00000000 00:00 0 
7faec3cff000-7faec3d03000 ---p 00000000 00:00 0 
7faec3d03000-7faec4000000 rw-p 00000000 00:00 0 
7faec4000000-7faec47dd000 rw-p 00000000 00:00 0 
7faec47dd000-7faec8000000 ---p 00000000 00:00 0 
7faec8000000-7faec8776000 rw-p 00000000 00:00 0 
7faec8776000-7faecc000000 ---p 00000000 00:00 0 
7faecc000000-7faecc204000 rw-p 00000000 00:00 0 
7faecc204000-7faed0000000 ---p 00000000 00:00 0 
7faed0000000-7faed0142000 rw-p 00000000 00:00 0 
7faed0142000-7faed4000000 ---p 00000000 00:00 0 
7faed4000000-7faed41cc000 rw-p 00000000 00:00 0 
7faed41cc000-7faed8000000 ---p 00000000 00:00 0 
7faed806d000-7faed8071000 ---p 00000000 00:00 0 
7faed8071000-7faed816e000 rw-p 00000000 00:00 0 
7faed816e000-7faed8172000 ---p 00000000 00:00 0 
7faed8172000-7faed826f000 rw-p 00000000 00:00 0 
7faed826f000-7faed8273000 ---p 00000000 00:00 0 
7faed8273000-7faed8370000 rw-p 00000000 00:00 0 
7faed8370000-7faed8374000 ---p 00000000 00:00 0 
7faed8374000-7faed8471000 rw-p 00000000 00:00 0 
7faed8471000-7faed8475000 ---p 00000000 00:00 0 
7faed8475000-7faed8772000 rw-p 00000000 00:00 0 
7faed8772000-7faed8972000 rw-p 00000000 00:00 0 
7faed8972000-7faed8b72000 rw-p 00000000 00:00 0 
7faed8b72000-7faed8d72000 rw-p 00000000 00:00 0 
7faed8d72000-7faed8f72000 rw-p 00000000 00:00 0 
7faed8f72000-7faed9172000 rw-p 00000000 00:00 0 
7faed9217000-7faed9417000 rw-p 00000000 00:00 0 
7faed9417000-7faed9617000 rw-p 00000000 00:00 0 
7faed9617000-7faed9817000 rw-p 00000000 00:00 0 
7faed9817000-7faed982f000 r-xp 00000000 08:06 2237163                    /tmp/jna-101485927/jna3979943655541019157.tmp (deleted)
7faed982f000-7faed9a2f000 ---p 00018000 08:06 2237163                    /tmp/jna-101485927/jna3979943655541019157.tmp (deleted)
7faed9a2f000-7faed9a30000 rw-p 00018000 08:06 2237163                    /tmp/jna-101485927/jna3979943655541019157.tmp (deleted)
7faed9a30000-7faed9c30000 rw-p 00000000 00:00 0 
7faed9c30000-7faed9e30000 rw-p 00000000 00:00 0 
7faed9e30000-7faeda030000 rw-p 00000000 00:00 0 
7faeda030000-7faeda230000 rw-p 00000000 00:00 0 
7faeda230000-7faeda430000 rw-p 00000000 00:00 0 
7faeda430000-7faeda630000 rw-p 00000000 00:00 0 
7faeda6fa000-7faeda8fa000 rw-p 00000000 00:00 0 
7faeda8fa000-7faedaafa000 rw-p 00000000 00:00 0 
7faedaafa000-7faedacfa000 rw-p 00000000 00:00 0 
7faedacfa000-7faedaefa000 rw-p 00000000 00:00 0 
7faedaefa000-7faedb0fa000 rw-p 00000000 00:00 0 
7faedb0fa000-7faedb2fa000 rw-p 00000000 00:00 0 
7faedb2fa000-7faedb4fa000 rw-p 00000000 00:00 0 
7faedb4fa000-7faedb6fa000 rw-p 00000000 00:00 0 
7faedb6fa000-7faedb8fa000 rw-p 00000000 00:00 0 
7faedb8fa000-7faedb8fe000 ---p 00000000 00:00 0 
7faedb8fe000-7faedbbfb000 rw-p 00000000 00:00 0 
7faedbbfb000-7faedbdfb000 rw-p 00000000 00:00 0 
7faedbdfb000-7faedbe00000 r-xp 00000000 08:06 936552                     /usr/lib/jvm/java-9-oracle/lib/libmanagement_ext.so
7faedbe00000-7faedbfff000 ---p 00005000 08:06 936552                     /usr/lib/jvm/java-9-oracle/lib/libmanagement_ext.so
7faedbfff000-7faedc000000 rw-p 00004000 08:06 936552                     /usr/lib/jvm/java-9-oracle/lib/libmanagement_ext.so
7faedc000000-7faedc198000 rw-p 00000000 00:00 0 
7faedc198000-7faee0000000 ---p 00000000 00:00 0 
7faee0000000-7faee00ab000 rw-p 00000000 00:00 0 
7faee00ab000-7faee4000000 ---p 00000000 00:00 0 
7faee4000000-7faee404c000 rw-p 00000000 00:00 0 
7faee404c000-7faee8000000 ---p 00000000 00:00 0 
7faee8000000-7faee81e3000 rw-p 00000000 00:00 0 
7faee81e3000-7faeec000000 ---p 00000000 00:00 0 
7faeec000000-7faeec132000 rw-p 00000000 00:00 0 
7faeec132000-7faef0000000 ---p 00000000 00:00 0 
7faef0000000-7faef048b000 rw-p 00000000 00:00 0 
7faef048b000-7faef4000000 ---p 00000000 00:00 0 
7faef4000000-7faef7d9b000 rw-p 00000000 00:00 0 
7faef7d9b000-7faef8000000 ---p 00000000 00:00 0 
7faef8000000-7faefa3d5000 rw-p 00000000 00:00 0 
7faefa3d5000-7faefc000000 ---p 00000000 00:00 0 
7faefc000000-7faefc03b000 rw-p 00000000 00:00 0 
7faefc03b000-7faf00000000 ---p 00000000 00:00 0 
7faf00000000-7faf03ffe000 rw-p 00000000 00:00 0 
7faf03ffe000-7faf04000000 ---p 00000000 00:00 0 
7faf04000000-7faf0412f000 rw-p 00000000 00:00 0 
7faf0412f000-7faf08000000 ---p 00000000 00:00 0 
7faf08000000-7faf0837c000 rw-p 00000000 00:00 0 
7faf0837c000-7faf0c000000 ---p 00000000 00:00 0 
7faf0c000000-7faf0c72f000 rw-p 00000000 00:00 0 
7faf0c72f000-7faf10000000 ---p 00000000 00:00 0 
7faf100ba000-7faf100be000 r-xp 00000000 08:06 936554                     /usr/lib/jvm/java-9-oracle/lib/libmanagement.so
7faf100be000-7faf102bd000 ---p 00004000 08:06 936554                     /usr/lib/jvm/java-9-oracle/lib/libmanagement.so
7faf102bd000-7faf102be000 rw-p 00003000 08:06 936554                     /usr/lib/jvm/java-9-oracle/lib/libmanagement.so
7faf102be000-7faf104be000 rw-p 00000000 00:00 0 
7faf104be000-7faf106be000 rw-p 00000000 00:00 0 
7faf106be000-7faf108be000 rw-p 00000000 00:00 0 
7faf108be000-7faf10abe000 rw-p 00000000 00:00 0 
7faf10abe000-7faf10abf000 ---p 00000000 00:00 0 
7faf10abf000-7faf10bbf000 rw-p 00000000 00:00 0 
7faf10bbf000-7faf10bc3000 ---p 00000000 00:00 0 
7faf10bc3000-7faf10cc0000 rw-p 00000000 00:00 0 
7faf10cc0000-7faf10cc4000 ---p 00000000 00:00 0 
7faf10cc4000-7faf10dc1000 rw-p 00000000 00:00 0 
7faf10dc1000-7faf10dc5000 ---p 00000000 00:00 0 
7faf10dc5000-7faf10ec2000 rw-p 00000000 00:00 0 
7faf10ec2000-7faf10ec6000 r-xp 00000000 08:06 936557                     /usr/lib/jvm/java-9-oracle/lib/libdt_socket.so
7faf10ec6000-7faf110c5000 ---p 00004000 08:06 936557                     /usr/lib/jvm/java-9-oracle/lib/libdt_socket.so
7faf110c5000-7faf110c6000 rw-p 00003000 08:06 936557                     /usr/lib/jvm/java-9-oracle/lib/libdt_socket.so
7faf110c6000-7faf110ca000 ---p 00000000 00:00 0 
7faf110ca000-7faf111c7000 rw-p 00000000 00:00 0 
7faf111c7000-7faf111dd000 r-xp 00000000 08:06 936503                     /usr/lib/jvm/java-9-oracle/lib/libnet.so
7faf111dd000-7faf113dd000 ---p 00016000 08:06 936503                     /usr/lib/jvm/java-9-oracle/lib/libnet.so
7faf113dd000-7faf113de000 rw-p 00016000 08:06 936503                     /usr/lib/jvm/java-9-oracle/lib/libnet.so
7faf113de000-7faf113ee000 r-xp 00000000 08:06 936559                     /usr/lib/jvm/java-9-oracle/lib/libnio.so
7faf113ee000-7faf115ee000 ---p 00010000 08:06 936559                     /usr/lib/jvm/java-9-oracle/lib/libnio.so
7faf115ee000-7faf115ef000 rw-p 00010000 08:06 936559                     /usr/lib/jvm/java-9-oracle/lib/libnio.so
7faf115ef000-7faf115f3000 ---p 00000000 00:00 0 
7faf115f3000-7faf116f0000 rw-p 00000000 00:00 0 
7faf116f0000-7faf116f4000 ---p 00000000 00:00 0 
7faf116f4000-7faf117f1000 rw-p 00000000 00:00 0 
7faf117f1000-7faf117f5000 ---p 00000000 00:00 0 
7faf117f5000-7faf118f2000 rw-p 00000000 00:00 0 
7faf118f2000-7faf118f6000 ---p 00000000 00:00 0 
7faf118f6000-7faf119f3000 rw-p 00000000 00:00 0 
7faf119f3000-7faf119f7000 ---p 00000000 00:00 0 
7faf119f7000-7faf11af4000 rw-p 00000000 00:00 0 
7faf11af4000-7faf11eff000 r--p 00000000 08:06 393596                     /usr/lib/locale/locale-archive
7faf11eff000-7faf11f03000 ---p 00000000 00:00 0 
7faf11f03000-7faf12000000 rw-p 00000000 00:00 0 
7faf12000000-7faf14000000 rwxp 00000000 00:00 0 
7faf14000000-7faf14048000 rw-p 00000000 00:00 0 
7faf14048000-7faf18000000 ---p 00000000 00:00 0 
7faf18000000-7faf1809b000 rw-p 00000000 00:00 0 
7faf1809b000-7faf1c000000 ---p 00000000 00:00 0 
7faf1c000000-7faf1c0f5000 rw-p 00000000 00:00 0 
7faf1c0f5000-7faf20000000 ---p 00000000 00:00 0 
7faf20000000-7faf20046000 rw-p 00000000 00:00 0 
7faf20046000-7faf24000000 ---p 00000000 00:00 0 
7faf24000000-7faf2405b000 rw-p 00000000 00:00 0 
7faf2405b000-7faf28000000 ---p 00000000 00:00 0 
7faf28000000-7faf28076000 rw-p 00000000 00:00 0 
7faf28076000-7faf2c000000 ---p 00000000 00:00 0 
7faf2c000000-7faf2c0f8000 rw-p 00000000 00:00 0 
7faf2c0f8000-7faf30000000 ---p 00000000 00:00 0 
7faf30000000-7faf300ba000 rw-p 00000000 00:00 0 
7faf300ba000-7faf34000000 ---p 00000000 00:00 0 
7faf34000000-7faf340ac000 rw-p 00000000 00:00 0 
7faf340ac000-7faf38000000 ---p 00000000 00:00 0 
7faf38000000-7faf38099000 rw-p 00000000 00:00 0 
7faf38099000-7faf3c000000 ---p 00000000 00:00 0 
7faf3c000000-7faf3c0a5000 rw-p 00000000 00:00 0 
7faf3c0a5000-7faf40000000 ---p 00000000 00:00 0 
7faf4003c000-7faf40040000 ---p 00000000 00:00 0 
7faf40040000-7faf4013d000 rw-p 00000000 00:00 0 
7faf4013d000-7faf4013e000 ---p 00000000 00:00 0 
7faf4013e000-7faf40a3e000 rw-p 00000000 00:00 0 
7faf40a3e000-7faf40e42000 rw-p 00000000 00:00 0 
7faf40e42000-7faf40e43000 ---p 00000000 00:00 0 
7faf40e43000-7faf4123f000 rw-p 00000000 00:00 0 
7faf4123f000-7faf41b43000 ---p 00000000 00:00 0 
7faf41b43000-7faf41db3000 rwxp 00000000 00:00 0 
7faf41db3000-7faf420d3000 ---p 00000000 00:00 0 
7faf420d3000-7faf450d3000 rwxp 00000000 00:00 0 
7faf450d3000-7faf4960b000 ---p 00000000 00:00 0 
7faf4960b000-7faf4aabb000 rwxp 00000000 00:00 0 
7faf4aabb000-7faf50b43000 ---p 00000000 00:00 0 
7faf50b43000-7faf5c000000 r--s 00000000 08:06 936530                     /usr/lib/jvm/java-9-oracle/lib/modules
7faf5c000000-7faf5f82d000 rw-p 00000000 00:00 0 
7faf5f82d000-7faf60000000 ---p 00000000 00:00 0 
7faf60033000-7faf600a9000 rw-p 00000000 00:00 0 
7faf600a9000-7faf600aa000 ---p 00000000 00:00 0 
7faf600aa000-7faf604a6000 rw-p 00000000 00:00 0 
7faf604a6000-7faf60daa000 ---p 00000000 00:00 0 
7faf60daa000-7faf60e0a000 rw-p 00000000 00:00 0 
7faf60e0a000-7faf60f2a000 ---p 00000000 00:00 0 
7faf60f2a000-7faf60f8a000 rw-p 00000000 00:00 0 
7faf60f8a000-7faf6122a000 ---p 00000000 00:00 0 
7faf6122a000-7faf6128a000 rw-p 00000000 00:00 0 
7faf6128a000-7faf613aa000 ---p 00000000 00:00 0 
7faf613aa000-7faf613ab000 ---p 00000000 00:00 0 
7faf613ab000-7faf614ab000 rw-p 00000000 00:00 0 
7faf614ab000-7faf614ac000 ---p 00000000 00:00 0 
7faf614ac000-7faf615ac000 rw-p 00000000 00:00 0 
7faf615ac000-7faf615ad000 ---p 00000000 00:00 0 
7faf615ad000-7faf616ad000 rw-p 00000000 00:00 0 
7faf616ad000-7faf616ae000 ---p 00000000 00:00 0 
7faf616ae000-7faf617ae000 rw-p 00000000 00:00 0 
7faf617ae000-7faf617af000 ---p 00000000 00:00 0 
7faf617af000-7faf61cb3000 rw-p 00000000 00:00 0 
7faf61cb3000-7faf61cb4000 ---p 00000000 00:00 0 
7faf61cb4000-7faf61db4000 rw-p 00000000 00:00 0 
7faf61db4000-7faf61db5000 ---p 00000000 00:00 0 
7faf61db5000-7faf61eb5000 rw-p 00000000 00:00 0 
7faf61eb5000-7faf61eb6000 ---p 00000000 00:00 0 
7faf61eb6000-7faf61fb6000 rw-p 00000000 00:00 0 
7faf61fb6000-7faf61fb7000 ---p 00000000 00:00 0 
7faf61fb7000-7faf620e1000 rw-p 00000000 00:00 0 
7faf620e1000-7faf621a2000 ---p 00000000 00:00 0 
7faf621a2000-7faf62202000 rw-p 00000000 00:00 0 
7faf62202000-7faf6228d000 ---p 00000000 00:00 0 
7faf6228d000-7faf622a7000 r-xp 00000000 08:06 936479                     /usr/lib/jvm/java-9-oracle/lib/libjimage.so
7faf622a7000-7faf624a6000 ---p 0001a000 08:06 936479                     /usr/lib/jvm/java-9-oracle/lib/libjimage.so
7faf624a6000-7faf624a8000 rw-p 00019000 08:06 936479                     /usr/lib/jvm/java-9-oracle/lib/libjimage.so
7faf624a8000-7faf624ba000 rw-p 00000000 00:00 0 
7faf624ba000-7faf624c1000 r-xp 00000000 08:06 936567                     /usr/lib/jvm/java-9-oracle/lib/libzip.so
7faf624c1000-7faf626c0000 ---p 00007000 08:06 936567                     /usr/lib/jvm/java-9-oracle/lib/libzip.so
7faf626c0000-7faf626c1000 rw-p 00006000 08:06 936567                     /usr/lib/jvm/java-9-oracle/lib/libzip.so
7faf626c1000-7faf626cc000 r-xp 00000000 08:06 3546021                    /lib/x86_64-linux-gnu/libnss_files-2.23.so
7faf626cc000-7faf628cb000 ---p 0000b000 08:06 3546021                    /lib/x86_64-linux-gnu/libnss_files-2.23.so
7faf628cb000-7faf628cc000 r--p 0000a000 08:06 3546021                    /lib/x86_64-linux-gnu/libnss_files-2.23.so
7faf628cc000-7faf628cd000 rw-p 0000b000 08:06 3546021                    /lib/x86_64-linux-gnu/libnss_files-2.23.so
7faf628cd000-7faf628d3000 rw-p 00000000 00:00 0 
7faf628d3000-7faf628de000 r-xp 00000000 08:06 3546025                    /lib/x86_64-linux-gnu/libnss_nis-2.23.so
7faf628de000-7faf62add000 ---p 0000b000 08:06 3546025                    /lib/x86_64-linux-gnu/libnss_nis-2.23.so
7faf62add000-7faf62ade000 r--p 0000a000 08:06 3546025                    /lib/x86_64-linux-gnu/libnss_nis-2.23.so
7faf62ade000-7faf62adf000 rw-p 0000b000 08:06 3546025                    /lib/x86_64-linux-gnu/libnss_nis-2.23.so
7faf62adf000-7faf62af5000 r-xp 00000000 08:06 3544037                    /lib/x86_64-linux-gnu/libnsl-2.23.so
7faf62af5000-7faf62cf4000 ---p 00016000 08:06 3544037                    /lib/x86_64-linux-gnu/libnsl-2.23.so
7faf62cf4000-7faf62cf5000 r--p 00015000 08:06 3544037                    /lib/x86_64-linux-gnu/libnsl-2.23.so
7faf62cf5000-7faf62cf6000 rw-p 00016000 08:06 3544037                    /lib/x86_64-linux-gnu/libnsl-2.23.so
7faf62cf6000-7faf62cf8000 rw-p 00000000 00:00 0 
7faf62cf8000-7faf62d00000 r-xp 00000000 08:06 3546016                    /lib/x86_64-linux-gnu/libnss_compat-2.23.so
7faf62d00000-7faf62eff000 ---p 00008000 08:06 3546016                    /lib/x86_64-linux-gnu/libnss_compat-2.23.so
7faf62eff000-7faf62f00000 r--p 00007000 08:06 3546016                    /lib/x86_64-linux-gnu/libnss_compat-2.23.so
7faf62f00000-7faf62f01000 rw-p 00008000 08:06 3546016                    /lib/x86_64-linux-gnu/libnss_compat-2.23.so
7faf62f01000-7faf62f3c000 r-xp 00000000 08:06 936551                     /usr/lib/jvm/java-9-oracle/lib/libjdwp.so
7faf62f3c000-7faf6313b000 ---p 0003b000 08:06 936551                     /usr/lib/jvm/java-9-oracle/lib/libjdwp.so
7faf6313b000-7faf6313c000 rw-p 0003a000 08:06 936551                     /usr/lib/jvm/java-9-oracle/lib/libjdwp.so
7faf6313c000-7faf6313d000 rw-p 00000000 00:00 0 
7faf6313d000-7faf63168000 r-xp 00000000 08:06 936496                     /usr/lib/jvm/java-9-oracle/lib/libjava.so
7faf63168000-7faf63367000 ---p 0002b000 08:06 936496                     /usr/lib/jvm/java-9-oracle/lib/libjava.so
7faf63367000-7faf63369000 rw-p 0002a000 08:06 936496                     /usr/lib/jvm/java-9-oracle/lib/libjava.so
7faf63369000-7faf63376000 r-xp 00000000 08:06 936515                     /usr/lib/jvm/java-9-oracle/lib/libverify.so
7faf63376000-7faf63575000 ---p 0000d000 08:06 936515                     /usr/lib/jvm/java-9-oracle/lib/libverify.so
7faf63575000-7faf63577000 rw-p 0000c000 08:06 936515                     /usr/lib/jvm/java-9-oracle/lib/libverify.so
7faf63577000-7faf6357e000 r-xp 00000000 08:06 3546026                    /lib/x86_64-linux-gnu/librt-2.23.so
7faf6357e000-7faf6377d000 ---p 00007000 08:06 3546026                    /lib/x86_64-linux-gnu/librt-2.23.so
7faf6377d000-7faf6377e000 r--p 00006000 08:06 3546026                    /lib/x86_64-linux-gnu/librt-2.23.so
7faf6377e000-7faf6377f000 rw-p 00007000 08:06 3546026                    /lib/x86_64-linux-gnu/librt-2.23.so
7faf6377f000-7faf63887000 r-xp 00000000 08:06 3543685                    /lib/x86_64-linux-gnu/libm-2.23.so
7faf63887000-7faf63a86000 ---p 00108000 08:06 3543685                    /lib/x86_64-linux-gnu/libm-2.23.so
7faf63a86000-7faf63a87000 r--p 00107000 08:06 3543685                    /lib/x86_64-linux-gnu/libm-2.23.so
7faf63a87000-7faf63a88000 rw-p 00108000 08:06 3543685                    /lib/x86_64-linux-gnu/libm-2.23.so
7faf63a88000-7faf64a9d000 r-xp 00000000 08:06 1069753                    /usr/lib/jvm/java-9-oracle/lib/server/libjvm.so
7faf64a9d000-7faf64c9c000 ---p 01015000 08:06 1069753                    /usr/lib/jvm/java-9-oracle/lib/server/libjvm.so
7faf64c9c000-7faf64d6d000 r--p 01014000 08:06 1069753                    /usr/lib/jvm/java-9-oracle/lib/server/libjvm.so
7faf64d6d000-7faf64da4000 rw-p 010e5000 08:06 1069753                    /usr/lib/jvm/java-9-oracle/lib/server/libjvm.so
7faf64da4000-7faf64e0d000 rw-p 00000000 00:00 0 
7faf64e0d000-7faf64fcd000 r-xp 00000000 08:06 3546002                    /lib/x86_64-linux-gnu/libc-2.23.so
7faf64fcd000-7faf651cd000 ---p 001c0000 08:06 3546002                    /lib/x86_64-linux-gnu/libc-2.23.so
7faf651cd000-7faf651d1000 r--p 001c0000 08:06 3546002                    /lib/x86_64-linux-gnu/libc-2.23.so
7faf651d1000-7faf651d3000 rw-p 001c4000 08:06 3546002                    /lib/x86_64-linux-gnu/libc-2.23.so
7faf651d3000-7faf651d7000 rw-p 00000000 00:00 0 
7faf651d7000-7faf651da000 r-xp 00000000 08:06 3546004                    /lib/x86_64-linux-gnu/libdl-2.23.so
7faf651da000-7faf653d9000 ---p 00003000 08:06 3546004                    /lib/x86_64-linux-gnu/libdl-2.23.so
7faf653d9000-7faf653da000 r--p 00002000 08:06 3546004                    /lib/x86_64-linux-gnu/libdl-2.23.so
7faf653da000-7faf653db000 rw-p 00003000 08:06 3546004                    /lib/x86_64-linux-gnu/libdl-2.23.so
7faf653db000-7faf653e9000 r-xp 00000000 08:06 1321572                    /usr/lib/jvm/java-9-oracle/lib/jli/libjli.so
7faf653e9000-7faf655e9000 ---p 0000e000 08:06 1321572                    /usr/lib/jvm/java-9-oracle/lib/jli/libjli.so
7faf655e9000-7faf655ea000 rw-p 0000e000 08:06 1321572                    /usr/lib/jvm/java-9-oracle/lib/jli/libjli.so
7faf655ea000-7faf65602000 r-xp 00000000 08:06 3546001                    /lib/x86_64-linux-gnu/libpthread-2.23.so
7faf65602000-7faf65801000 ---p 00018000 08:06 3546001                    /lib/x86_64-linux-gnu/libpthread-2.23.so
7faf65801000-7faf65802000 r--p 00017000 08:06 3546001                    /lib/x86_64-linux-gnu/libpthread-2.23.so
7faf65802000-7faf65803000 rw-p 00018000 08:06 3546001                    /lib/x86_64-linux-gnu/libpthread-2.23.so
7faf65803000-7faf65807000 rw-p 00000000 00:00 0 
7faf65807000-7faf65820000 r-xp 00000000 08:06 3543923                    /lib/x86_64-linux-gnu/libz.so.1.2.8
7faf65820000-7faf65a1f000 ---p 00019000 08:06 3543923                    /lib/x86_64-linux-gnu/libz.so.1.2.8
7faf65a1f000-7faf65a20000 r--p 00018000 08:06 3543923                    /lib/x86_64-linux-gnu/libz.so.1.2.8
7faf65a20000-7faf65a21000 rw-p 00019000 08:06 3543923                    /lib/x86_64-linux-gnu/libz.so.1.2.8
7faf65a21000-7faf65a47000 r-xp 00000000 08:06 3544321                    /lib/x86_64-linux-gnu/ld-2.23.so
7faf65a54000-7faf65a58000 ---p 00000000 00:00 0 
7faf65a58000-7faf65a76000 rw-p 00000000 00:00 0 
7faf65a76000-7faf65a97000 r--p 00000000 08:06 1064692                    /usr/share/locale-langpack/pt_BR/LC_MESSAGES/libc.mo
7faf65a97000-7faf65b22000 rw-p 00000000 00:00 0 
7faf65b22000-7faf65b27000 ---p 00000000 00:00 0 
7faf65b27000-7faf65c28000 rw-p 00000000 00:00 0 
7faf65c28000-7faf65c2f000 r--s 00000000 08:06 789047                     /usr/lib/x86_64-linux-gnu/gconv/gconv-modules.cache
7faf65c2f000-7faf65c35000 rw-p 00000000 00:00 0 
7faf65c35000-7faf65c3c000 ---p 00000000 00:00 0 
7faf65c3c000-7faf65c44000 rw-s 00000000 08:06 2237155                    /tmp/hsperfdata_julio/10610
7faf65c44000-7faf65c45000 rw-p 00000000 00:00 0 
7faf65c45000-7faf65c46000 ---p 00000000 00:00 0 
7faf65c46000-7faf65c47000 r--p 00025000 08:06 3544321                    /lib/x86_64-linux-gnu/ld-2.23.so
7faf65c47000-7faf65c48000 rw-p 00026000 08:06 3544321                    /lib/x86_64-linux-gnu/ld-2.23.so
7faf65c48000-7faf65c49000 rw-p 00000000 00:00 0 
7ffd55a01000-7ffd55a22000 rw-p 00000000 00:00 0                          [stack]
7ffd55be0000-7ffd55be2000 r--p 00000000 00:00 0                          [vvar]
7ffd55be2000-7ffd55be4000 r-xp 00000000 00:00 0                          [vdso]
ffffffffff600000-ffffffffff601000 r-xp 00000000 00:00 0                  [vsyscall]

VM Arguments:
jvm_args: -agentlib:jdwp=transport=dt_socket,address=localhost:33125,suspend=n,server=y -Xdebug -Xmx768M -XX:MaxPermSize=384M -Dfile.encoding=UTF-8 -Didea.runid=2017.2 -Didea.managed=true 
java_command: /home/julio/.IdeaIC2017.3/config/plugins/Scala/launcher/sbt-launch.jar idea-shell
java_class_path (initial): /home/julio/.IdeaIC2017.3/config/plugins/Scala/launcher/sbt-launch.jar
Launcher Type: SUN_STANDARD

Logging:
Log output configuration:
#0: stdout all=warning uptime,level,tags
#1: stderr all=off uptime,level,tags

Environment Variables:
JAVA_HOME=/usr/lib/jvm/java-9-oracle
PATH=/home/julio/bin:/home/julio/.local/bin:/usr/local/sbin:/usr/local/bin:/usr/sbin:/usr/bin:/sbin:/bin:/usr/games:/usr/local/games:/usr/lib/jvm/java-9-oracle/bin:/usr/lib/jvm/java-9-oracle/db/bin
SHELL=/bin/bash
DISPLAY=:0

Signal Handlers:
SIGSEGV: [libjvm.so+0xd4d370], sa_mask[0]=11111111011111111101111111111110, sa_flags=SA_RESTART|SA_SIGINFO
SIGBUS: [libjvm.so+0xd4d370], sa_mask[0]=11111111011111111101111111111110, sa_flags=SA_RESTART|SA_SIGINFO
SIGFPE: [libjvm.so+0xd4d370], sa_mask[0]=11111111011111111101111111111110, sa_flags=SA_RESTART|SA_SIGINFO
SIGPIPE: [libjvm.so+0xb64780], sa_mask[0]=11111111011111111101111111111110, sa_flags=SA_RESTART|SA_SIGINFO
SIGXFSZ: [libjvm.so+0xb64780], sa_mask[0]=11111111011111111101111111111110, sa_flags=SA_RESTART|SA_SIGINFO
SIGILL: [libjvm.so+0xd4d370], sa_mask[0]=11111111011111111101111111111110, sa_flags=SA_RESTART|SA_SIGINFO
SIGUSR2: [libjvm.so+0xb64640], sa_mask[0]=00100000000000000000000000000000, sa_flags=SA_RESTART|SA_SIGINFO
SIGHUP: [libjvm.so+0xb64850], sa_mask[0]=11111111011111111101111111111110, sa_flags=SA_RESTART|SA_SIGINFO
SIGINT: [libjvm.so+0xb64850], sa_mask[0]=11111111011111111101111111111110, sa_flags=SA_RESTART|SA_SIGINFO
SIGTERM: [libjvm.so+0xb64850], sa_mask[0]=11111111011111111101111111111110, sa_flags=SA_RESTART|SA_SIGINFO
SIGQUIT: [libjvm.so+0xb64850], sa_mask[0]=11111111011111111101111111111110, sa_flags=SA_RESTART|SA_SIGINFO


---------------  S Y S T E M  ---------------

OS:DISTRIB_ID=LinuxMint
DISTRIB_RELEASE=18.2
DISTRIB_CODENAME=sonya
DISTRIB_DESCRIPTION="Linux Mint 18.2 Sonya"
uname:Linux 4.8.0-53-generic #56~16.04.1-Ubuntu SMP Tue May 16 01:18:56 UTC 2017 x86_64
libc:glibc 2.23 NPTL 2.23 
rlimit: STACK 8192k, CORE 0k, NPROC 31001, NOFILE 1048576, AS infinity
load average:5,80 3,72 2,41

/proc/meminfo:
MemTotal:        8039552 kB
MemFree:          130968 kB
MemAvailable:      46252 kB
Buffers:            2856 kB
Cached:           335276 kB
SwapCached:         1900 kB
Active:          6761484 kB
Inactive:         773612 kB
Active(anon):    6725800 kB
Inactive(anon):   746152 kB
Active(file):      35684 kB
Inactive(file):    27460 kB
Unevictable:         324 kB
Mlocked:             324 kB
SwapTotal:       4095484 kB
SwapFree:            108 kB
Dirty:              1608 kB
Writeback:             0 kB
AnonPages:       7195524 kB
Mapped:            78812 kB
Shmem:            274900 kB
Slab:             133832 kB
SReclaimable:      47308 kB
SUnreclaim:        86524 kB
KernelStack:       29328 kB
PageTables:       118112 kB
NFS_Unstable:          0 kB
Bounce:                0 kB
WritebackTmp:          0 kB
CommitLimit:     8115260 kB
Committed_AS:   23903612 kB
VmallocTotal:   34359738367 kB
VmallocUsed:           0 kB
VmallocChunk:          0 kB
HardwareCorrupted:     0 kB
AnonHugePages:    997376 kB
ShmemHugePages:        0 kB
ShmemPmdMapped:        0 kB
CmaTotal:              0 kB
CmaFree:               0 kB
HugePages_Total:       0
HugePages_Free:        0
HugePages_Rsvd:        0
HugePages_Surp:        0
Hugepagesize:       2048 kB
DirectMap4k:      440948 kB
DirectMap2M:     7813120 kB
DirectMap1G:           0 kB


CPU:total 4 (initial active 4) (2 cores per cpu, 2 threads per core) family 6 model 142 stepping 9, cmov, cx8, fxsr, mmx, sse, sse2, sse3, ssse3, sse4.1, sse4.2, popcnt, avx, avx2, aes, clmul, erms, 3dnowpref, lzcnt, ht, tsc, tscinvbit, bmi1, bmi2, adx, fma
CPU Model and flags from /proc/cpuinfo:
model name	: Intel(R) Core(TM) i5-7200U CPU @ 2.50GHz
flags		: fpu vme de pse tsc msr pae mce cx8 apic sep mtrr pge mca cmov pat pse36 clflush dts acpi mmx fxsr sse sse2 ss ht tm pbe syscall nx pdpe1gb rdtscp lm constant_tsc art arch_perfmon pebs bts rep_good nopl xtopology nonstop_tsc aperfmperf eagerfpu pni pclmulqdq dtes64 monitor ds_cpl vmx est tm2 ssse3 sdbg fma cx16 xtpr pdcm pcid sse4_1 sse4_2 x2apic movbe popcnt tsc_deadline_timer aes xsave avx f16c rdrand lahf_lm abm 3dnowprefetch epb intel_pt tpr_shadow vnmi flexpriority ept vpid fsgsbase tsc_adjust bmi1 avx2 smep bmi2 erms invpcid mpx rdseed adx smap clflushopt xsaveopt xsavec xgetbv1 xsaves dtherm ida arat pln pts hwp hwp_notify hwp_act_window hwp_epp

Memory: 4k page, physical 8039552k(130844k free), swap 4095484k(112k free)

vm_info: Java HotSpot(TM) 64-Bit Server VM (9.0.4+11) for linux-amd64 JRE (9.0.4+11), built on Dec 19 2017 18:12:19 by "mach5one" with gcc 4.9.2

END.
